[30Mar2025 00:00:07.582] [Server thread/WARN] [net.minecraft.server.MinecraftServer/]: Can't keep up! Is the server overloaded? Running 5310ms or 106 ticks behind
[30Mar2025 00:00:28.041] [Server thread/WARN] [net.minecraft.server.MinecraftServer/]: Can't keep up! Is the server overloaded? Running 5469ms or 109 ticks behind
[30Mar2025 00:00:48.012] [Server thread/WARN] [net.minecraft.server.MinecraftServer/]: Can't keep up! Is the server overloaded? Running 4990ms or 99 ticks behind
[30Mar2025 00:01:09.973] [Server thread/WARN] [net.minecraft.server.MinecraftServer/]: Can't keep up! Is the server overloaded? Running 7000ms or 140 ticks behind
[30Mar2025 00:01:33.579] [Server thread/WARN] [net.minecraft.server.MinecraftServer/]: Can't keep up! Is the server overloaded? Running 8607ms or 172 ticks behind
[30Mar2025 00:01:34.265] [Server thread/ERROR] [net.minecraft.Util/]: POI data mismatch: already registered at BlockPos{x=-1888, y=-15, z=1990}
[30Mar2025 00:01:57.786] [Server thread/WARN] [net.minecraft.server.MinecraftServer/]: Can't keep up! Is the server overloaded? Running 9214ms or 184 ticks behind
[30Mar2025 00:01:58.023] [Server thread/INFO] [net.minecraft.server.MinecraftServer/]: [Not Secure] <Gabriel> xaero-waypoint:Shared Location:S:-1141:75:114:1:false:0:Internal-the-nether-waypoints
[30Mar2025 00:02:03.727] [Server thread/INFO] [net.minecraft.server.MinecraftServer/]: [fablex39: Set own game mode to Creative Mode]
[30Mar2025 00:02:11.148] [Server thread/INFO] [net.minecraft.server.MinecraftServer/]: [fablex39: Set own game mode to Survival Mode]
[30Mar2025 00:02:20.293] [Server thread/WARN] [net.minecraft.server.MinecraftServer/]: Can't keep up! Is the server overloaded? Running 7521ms or 150 ticks behind
[30Mar2025 00:02:43.049] [Server thread/WARN] [net.minecraft.server.MinecraftServer/]: Can't keep up! Is the server overloaded? Running 7777ms or 155 ticks behind
[30Mar2025 00:02:48.069] [Server thread/INFO] [net.minecraft.server.MinecraftServer/]: Andremat2010 has made the advancement [War Pigs]
[30Mar2025 00:03:06.829] [Server thread/WARN] [net.minecraft.server.MinecraftServer/]: Can't keep up! Is the server overloaded? Running 8807ms or 176 ticks behind
[30Mar2025 00:03:22.021] [Server thread/WARN] [net.minecraft.server.level.ServerPlayerGameMode/]: Mismatch in destroy block pos: BlockPos{x=-773, y=35, z=371} BlockPos{x=-773, y=36, z=372}
[30Mar2025 00:03:30.217] [Server thread/WARN] [net.minecraft.server.MinecraftServer/]: Can't keep up! Is the server overloaded? Running 8395ms or 167 ticks behind
[30Mar2025 00:03:53.195] [Server thread/WARN] [net.minecraft.server.MinecraftServer/]: Can't keep up! Is the server overloaded? Running 8023ms or 160 ticks behind
[30Mar2025 00:04:16.160] [Server thread/WARN] [net.minecraft.server.MinecraftServer/]: Can't keep up! Is the server overloaded? Running 7987ms or 159 ticks behind
[30Mar2025 00:04:37.255] [Server thread/WARN] [net.minecraft.server.MinecraftServer/]: Can't keep up! Is the server overloaded? Running 6133ms or 122 ticks behind
[30Mar2025 00:04:56.930] [Server thread/WARN] [net.minecraft.server.MinecraftServer/]: Can't keep up! Is the server overloaded? Running 4708ms or 94 ticks behind
[30Mar2025 00:05:18.066] [Server thread/WARN] [net.minecraft.server.MinecraftServer/]: Can't keep up! Is the server overloaded? Running 6144ms or 122 ticks behind
[30Mar2025 00:05:38.605] [Server thread/WARN] [net.minecraft.server.MinecraftServer/]: Can't keep up! Is the server overloaded? Running 5583ms or 111 ticks behind
[30Mar2025 00:05:58.540] [Server thread/WARN] [net.minecraft.server.MinecraftServer/]: Can't keep up! Is the server overloaded? Running 4968ms or 99 ticks behind
[30Mar2025 00:06:17.775] [Server thread/WARN] [net.minecraft.server.MinecraftServer/]: Can't keep up! Is the server overloaded? Running 4253ms or 85 ticks behind
[30Mar2025 00:06:31.074] [Server thread/WARN] [net.minecraft.server.network.ServerGamePacketListenerImpl/]: Gabriel moved too quickly! 4.160378358298658,4.799999999999898,8.047790718846443
[30Mar2025 00:06:37.627] [Server thread/WARN] [net.minecraft.server.MinecraftServer/]: Can't keep up! Is the server overloaded? Running 4855ms or 97 ticks behind
[30Mar2025 00:06:57.359] [Server thread/WARN] [net.minecraft.server.MinecraftServer/]: Can't keep up! Is the server overloaded? Running 4737ms or 94 ticks behind
[30Mar2025 00:07:17.982] [Server thread/WARN] [net.minecraft.server.MinecraftServer/]: Can't keep up! Is the server overloaded? Running 5660ms or 113 ticks behind
[30Mar2025 00:07:37.617] [Server thread/WARN] [net.minecraft.server.MinecraftServer/]: Can't keep up! Is the server overloaded? Running 4645ms or 92 ticks behind
[30Mar2025 00:07:56.892] [Server thread/WARN] [net.minecraft.server.MinecraftServer/]: Can't keep up! Is the server overloaded? Running 4320ms or 86 ticks behind
[30Mar2025 00:08:08.845] [Server thread/INFO] [net.minecraft.world.entity.npc.Villager/]: Villager Villager['Unemployed'/180989, l='ServerLevel[world]', x=471.48, y=-256.00, z=428.92] died, message: 'Unemployed was killed'
[30Mar2025 00:08:15.940] [Server thread/WARN] [net.minecraft.server.MinecraftServer/]: Can't keep up! Is the server overloaded? Running 4068ms or 81 ticks behind
[30Mar2025 00:08:31.475] [Server thread/WARN] [net.minecraft.server.level.ServerPlayerGameMode/]: Mismatch in destroy block pos: BlockPos{x=-934, y=84, z=186} BlockPos{x=-941, y=83, z=185}
[30Mar2025 00:08:35.401] [Server thread/WARN] [net.minecraft.server.MinecraftServer/]: Can't keep up! Is the server overloaded? Running 4479ms or 89 ticks behind
[30Mar2025 00:08:54.510] [Server thread/WARN] [net.minecraft.server.MinecraftServer/]: Can't keep up! Is the server overloaded? Running 4138ms or 82 ticks behind
[30Mar2025 00:09:12.041] [Server thread/WARN] [net.minecraft.server.MinecraftServer/]: Can't keep up! Is the server overloaded? Running 2569ms or 51 ticks behind
[30Mar2025 00:09:21.204] [Server thread/INFO] [net.minecraft.world.entity.npc.Villager/]: Villager Villager['Unemployed'/182340, l='ServerLevel[world]', x=472.19, y=-256.00, z=421.79] died, message: 'Unemployed was killed'
[30Mar2025 00:09:29.484] [Server thread/WARN] [net.minecraft.server.MinecraftServer/]: Can't keep up! Is the server overloaded? Running 2462ms or 49 ticks behind
[30Mar2025 00:09:35.638] [Server thread/INFO] [net.minecraft.server.MinecraftServer/]: [fablex39: Set own game mode to Creative Mode]
[30Mar2025 00:09:48.682] [Server thread/WARN] [net.minecraft.server.MinecraftServer/]: Can't keep up! Is the server overloaded? Running 4210ms or 84 ticks behind
[30Mar2025 00:10:07.833] [Server thread/WARN] [net.minecraft.server.MinecraftServer/]: Can't keep up! Is the server overloaded? Running 4161ms or 83 ticks behind
[30Mar2025 00:10:27.225] [Server thread/WARN] [net.minecraft.server.MinecraftServer/]: Can't keep up! Is the server overloaded? Running 4403ms or 88 ticks behind
[30Mar2025 00:10:46.085] [Server thread/WARN] [net.minecraft.server.MinecraftServer/]: Can't keep up! Is the server overloaded? Running 3863ms or 77 ticks behind
[30Mar2025 00:10:52.447] [Server thread/INFO] [net.minecraft.server.MinecraftServer/]: [fablex39: Set own game mode to Survival Mode]
[30Mar2025 00:11:05.694] [Server thread/WARN] [net.minecraft.server.MinecraftServer/]: Can't keep up! Is the server overloaded? Running 4622ms or 92 ticks behind
[30Mar2025 00:11:24.299] [Server thread/WARN] [net.minecraft.server.MinecraftServer/]: Can't keep up! Is the server overloaded? Running 3627ms or 72 ticks behind
[30Mar2025 00:11:38.577] [Worker-Main-2/WARN] [net.minecraft.world.entity.ai.attributes.AttributeMap/]: Ignoring unknown attribute 'irons_spellbooks:holy_magic_resist'
[30Mar2025 00:11:38.577] [Worker-Main-2/WARN] [net.minecraft.world.entity.ai.attributes.AttributeMap/]: Ignoring unknown attribute 'irons_spellbooks:fire_magic_resist'
[30Mar2025 00:11:38.577] [Worker-Main-2/WARN] [net.minecraft.world.entity.ai.attributes.AttributeMap/]: Ignoring unknown attribute 'irons_spellbooks:blood_magic_resist'
[30Mar2025 00:11:40.515] [Server thread/INFO] [net.minecraft.server.MinecraftServer/]: [Not Secure] <Gabriel> xaero-waypoint:Shared Location:S:-2397:~:-1039:8:false:0:Internal-the-nether-waypoints
[30Mar2025 00:11:42.676] [Server thread/WARN] [net.minecraft.server.MinecraftServer/]: Can't keep up! Is the server overloaded? Running 3404ms or 68 ticks behind
[30Mar2025 00:11:43.405] [Worker-Main-2/WARN] [net.minecraft.world.entity.ai.attributes.AttributeMap/]: Ignoring unknown attribute 'irons_spellbooks:holy_magic_resist'
[30Mar2025 00:11:43.405] [Worker-Main-2/WARN] [net.minecraft.world.entity.ai.attributes.AttributeMap/]: Ignoring unknown attribute 'irons_spellbooks:fire_magic_resist'
[30Mar2025 00:11:43.405] [Worker-Main-2/WARN] [net.minecraft.world.entity.ai.attributes.AttributeMap/]: Ignoring unknown attribute 'irons_spellbooks:blood_magic_resist'
[30Mar2025 00:12:01.993] [Server thread/WARN] [net.minecraft.server.MinecraftServer/]: Can't keep up! Is the server overloaded? Running 4321ms or 86 ticks behind
[30Mar2025 00:12:20.438] [Server thread/WARN] [net.minecraft.server.MinecraftServer/]: Can't keep up! Is the server overloaded? Running 3466ms or 69 ticks behind
[30Mar2025 00:12:44.697] [Server thread/WARN] [net.minecraft.server.network.ServerGamePacketListenerImpl/]: Andremat2010 moved too quickly! 2.0349902822481454,0.5745767040479066,-10.045936145455059
[30Mar2025 00:12:44.802] [Server thread/WARN] [net.minecraft.server.network.ServerGamePacketListenerImpl/]: fablex39 moved too quickly! -1.9216728019624725,-0.5141646537037943,10.010470733276748
[30Mar2025 00:12:54.571] [Server thread/WARN] [net.minecraft.server.MinecraftServer/]: Can't keep up! Is the server overloaded? Running 19149ms or 382 ticks behind
[30Mar2025 00:13:08.596] [Server thread/INFO] [net.minecraft.server.MinecraftServer/]: [fablex39: Set own game mode to Creative Mode]
[30Mar2025 00:13:14.525] [Server thread/INFO] [net.minecraft.server.MinecraftServer/]: [fablex39: Set own game mode to Survival Mode]
[30Mar2025 00:13:16.087] [Server thread/WARN] [net.minecraft.server.MinecraftServer/]: Can't keep up! Is the server overloaded? Running 6565ms or 131 ticks behind
[30Mar2025 00:13:37.209] [Server thread/WARN] [net.minecraft.server.MinecraftServer/]: Can't keep up! Is the server overloaded? Running 6137ms or 122 ticks behind
[30Mar2025 00:13:56.792] [Server thread/WARN] [net.minecraft.server.MinecraftServer/]: Can't keep up! Is the server overloaded? Running 4620ms or 92 ticks behind
[30Mar2025 00:14:17.849] [Server thread/WARN] [net.minecraft.server.MinecraftServer/]: Can't keep up! Is the server overloaded? Running 6077ms or 121 ticks behind
[30Mar2025 00:14:23.921] [Server thread/INFO] [net.minecraft.server.MinecraftServer/]: [fablex39: Set own game mode to Creative Mode]
[30Mar2025 00:14:29.825] [Server thread/INFO] [net.minecraft.server.MinecraftServer/]: [fablex39: Set own game mode to Survival Mode]
[30Mar2025 00:14:38.819] [Server thread/WARN] [net.minecraft.server.MinecraftServer/]: Can't keep up! Is the server overloaded? Running 5997ms or 119 ticks behind
[30Mar2025 00:14:42.230] [Server thread/INFO] [net.minecraft.server.MinecraftServer/]: LTCBAS2022 has completed the challenge [+PARRY]
[30Mar2025 00:14:59.583] [Server thread/WARN] [net.minecraft.server.MinecraftServer/]: Can't keep up! Is the server overloaded? Running 5811ms or 116 ticks behind
[30Mar2025 00:15:21.488] [Server thread/WARN] [net.minecraft.server.MinecraftServer/]: Can't keep up! Is the server overloaded? Running 6916ms or 138 ticks behind
[30Mar2025 00:15:33.937] [Server thread/WARN] [net.minecraft.server.level.ServerPlayerGameMode/]: Mismatch in destroy block pos: BlockPos{x=-1302, y=118, z=-94} BlockPos{x=-1302, y=117, z=-94}
[30Mar2025 00:15:43.714] [Server thread/WARN] [net.minecraft.server.MinecraftServer/]: Can't keep up! Is the server overloaded? Running 7242ms or 144 ticks behind
[30Mar2025 00:15:59.973] [Server thread/INFO] [net.minecraft.server.MinecraftServer/]: [fablex39: Set own game mode to Creative Mode]
[30Mar2025 00:16:04.634] [Server thread/INFO] [net.minecraft.server.MinecraftServer/]: [fablex39: Set own game mode to Survival Mode]
[30Mar2025 00:16:04.823] [Server thread/WARN] [net.minecraft.server.MinecraftServer/]: Can't keep up! Is the server overloaded? Running 6151ms or 123 ticks behind
[30Mar2025 00:16:25.946] [Server thread/WARN] [net.minecraft.server.MinecraftServer/]: Can't keep up! Is the server overloaded? Running 6124ms or 122 ticks behind
[30Mar2025 00:16:48.025] [Server thread/WARN] [net.minecraft.server.MinecraftServer/]: Can't keep up! Is the server overloaded? Running 7103ms or 142 ticks behind
[30Mar2025 00:17:09.178] [Server thread/WARN] [net.minecraft.server.MinecraftServer/]: Can't keep up! Is the server overloaded? Running 6155ms or 123 ticks behind
[30Mar2025 00:17:14.069] [Server thread/INFO] [net.minecraft.server.MinecraftServer/]: Gabriel has completed the challenge [Cover me with... scutes?]
[30Mar2025 00:17:30.934] [Server thread/WARN] [net.minecraft.server.MinecraftServer/]: Can't keep up! Is the server overloaded? Running 6762ms or 135 ticks behind
[30Mar2025 00:17:38.381] [Server thread/INFO] [net.minecraft.server.MinecraftServer/]: [fablex39: Set own game mode to Creative Mode]
[30Mar2025 00:17:50.629] [Server thread/WARN] [net.minecraft.server.MinecraftServer/]: Can't keep up! Is the server overloaded? Running 4707ms or 94 ticks behind
[30Mar2025 00:18:12.827] [Server thread/WARN] [net.minecraft.server.MinecraftServer/]: Can't keep up! Is the server overloaded? Running 7205ms or 144 ticks behind
[30Mar2025 00:18:32.244] [Server thread/INFO] [net.minecraft.server.MinecraftServer/]: Gabriel has made the advancement [A Burning Arena]
[30Mar2025 00:18:37.278] [Server thread/WARN] [net.minecraft.server.MinecraftServer/]: Can't keep up! Is the server overloaded? Running 9456ms or 189 ticks behind
[30Mar2025 00:18:58.829] [Server thread/WARN] [net.minecraft.server.MinecraftServer/]: Can't keep up! Is the server overloaded? Running 6557ms or 131 ticks behind
[30Mar2025 00:19:20.789] [Server thread/WARN] [net.minecraft.server.MinecraftServer/]: Can't keep up! Is the server overloaded? Running 6967ms or 139 ticks behind
[30Mar2025 00:19:30.644] [Server thread/INFO] [net.minecraft.server.MinecraftServer/]: [fablex39: Set own game mode to Survival Mode]
[30Mar2025 00:19:42.923] [Server thread/WARN] [net.minecraft.server.MinecraftServer/]: Can't keep up! Is the server overloaded? Running 7151ms or 143 ticks behind
[30Mar2025 00:20:04.932] [Server thread/WARN] [net.minecraft.server.MinecraftServer/]: Can't keep up! Is the server overloaded? Running 7009ms or 140 ticks behind
[30Mar2025 00:20:20.576] [Server thread/INFO] [net.minecraft.server.MinecraftServer/]: Gabriel has made the advancement [The Imperfect thing]
[30Mar2025 00:20:26.324] [Server thread/WARN] [net.minecraft.server.MinecraftServer/]: Can't keep up! Is the server overloaded? Running 6402ms or 128 ticks behind
[30Mar2025 00:20:47.277] [Server thread/WARN] [net.minecraft.server.MinecraftServer/]: Can't keep up! Is the server overloaded? Running 5954ms or 119 ticks behind
[30Mar2025 00:20:51.138] [Server thread/INFO] [net.minecraft.server.MinecraftServer/]: [fablex39: Set own game mode to Creative Mode]
[30Mar2025 00:21:08.580] [Server thread/WARN] [net.minecraft.server.MinecraftServer/]: Can't keep up! Is the server overloaded? Running 6308ms or 126 ticks behind
[30Mar2025 00:21:30.826] [Server thread/WARN] [net.minecraft.server.MinecraftServer/]: Can't keep up! Is the server overloaded? Running 7253ms or 145 ticks behind
[30Mar2025 00:21:53.388] [Server thread/WARN] [net.minecraft.server.MinecraftServer/]: Can't keep up! Is the server overloaded? Running 7566ms or 151 ticks behind
[30Mar2025 00:22:09.637] [Server thread/WARN] [net.minecraft.server.level.ServerPlayerGameMode/]: Mismatch in destroy block pos: BlockPos{x=-1509, y=122, z=-709} BlockPos{x=-1511, y=121, z=-709}
[30Mar2025 00:22:15.604] [Server thread/WARN] [net.minecraft.server.MinecraftServer/]: Can't keep up! Is the server overloaded? Running 7232ms or 144 ticks behind
[30Mar2025 00:22:38.463] [Server thread/WARN] [net.minecraft.server.MinecraftServer/]: Can't keep up! Is the server overloaded? Running 7891ms or 157 ticks behind
[30Mar2025 00:23:00.795] [Server thread/WARN] [net.minecraft.server.MinecraftServer/]: Can't keep up! Is the server overloaded? Running 7373ms or 147 ticks behind
[30Mar2025 00:23:23.446] [Server thread/WARN] [net.minecraft.server.MinecraftServer/]: Can't keep up! Is the server overloaded? Running 7674ms or 153 ticks behind
[30Mar2025 00:23:45.556] [Server thread/WARN] [net.minecraft.server.MinecraftServer/]: Can't keep up! Is the server overloaded? Running 7134ms or 142 ticks behind
[30Mar2025 00:23:56.740] [Server thread/INFO] [net.minecraft.server.MinecraftServer/]: [fablex39: Set own game mode to Survival Mode]
[30Mar2025 00:24:09.088] [Server thread/WARN] [net.minecraft.server.MinecraftServer/]: Can't keep up! Is the server overloaded? Running 8566ms or 171 ticks behind
[30Mar2025 00:24:12.161] [Server thread/INFO] [net.minecraft.server.players.PlayerList/]: elchipaxd12[/127.223.203.153:45463] logged in with entity id 196064 at (420.30000001192093, 63.0, 414.93763839087694)
[30Mar2025 00:24:12.174] [Server thread/INFO] [net.minecraft.server.MinecraftServer/]: elchipaxd12 joined the game
[30Mar2025 00:24:12.211] [Server thread/INFO] [Jade/]: Syncing config to elchipaxd12 (c93c4669-f71e-3f02-9321-c5af2f0fcd55)
[30Mar2025 00:24:32.342] [Server thread/WARN] [net.minecraft.server.MinecraftServer/]: Can't keep up! Is the server overloaded? Running 8270ms or 165 ticks behind
[30Mar2025 00:24:55.586] [Server thread/WARN] [net.minecraft.server.MinecraftServer/]: Can't keep up! Is the server overloaded? Running 8264ms or 165 ticks behind
[30Mar2025 00:24:58.193] [Server thread/WARN] [net.minecraft.server.level.ServerPlayerGameMode/]: Mismatch in destroy block pos: BlockPos{x=-1789, y=92, z=-770} BlockPos{x=-1787, y=90, z=-770}
[30Mar2025 00:25:07.210] [Server thread/INFO] [net.minecraft.server.MinecraftServer/]: [fablex39: Set own game mode to Creative Mode]
[30Mar2025 00:25:12.378] [Server thread/INFO] [net.minecraft.server.MinecraftServer/]: [fablex39: Set own game mode to Survival Mode]
[30Mar2025 00:25:17.694] [Server thread/WARN] [net.minecraft.server.MinecraftServer/]: Can't keep up! Is the server overloaded? Running 7122ms or 142 ticks behind
[30Mar2025 00:25:39.652] [Server thread/INFO] [net.minecraft.server.MinecraftServer/]: elchipaxd12 has made the advancement [A Burning Arena]
[30Mar2025 00:25:39.730] [Server thread/WARN] [net.minecraft.server.MinecraftServer/]: Can't keep up! Is the server overloaded? Running 7058ms or 141 ticks behind
[30Mar2025 00:25:48.353] [Server thread/WARN] [net.minecraft.server.level.ServerPlayerGameMode/]: Mismatch in destroy block pos: BlockPos{x=-1895, y=105, z=-772} BlockPos{x=-1894, y=104, z=-772}
[30Mar2025 00:26:02.335] [Server thread/WARN] [net.minecraft.server.MinecraftServer/]: Can't keep up! Is the server overloaded? Running 7613ms or 152 ticks behind
[30Mar2025 00:26:25.523] [Server thread/WARN] [net.minecraft.server.MinecraftServer/]: Can't keep up! Is the server overloaded? Running 8201ms or 164 ticks behind
[30Mar2025 00:26:48.055] [Server thread/WARN] [net.minecraft.server.MinecraftServer/]: Can't keep up! Is the server overloaded? Running 7533ms or 150 ticks behind
[30Mar2025 00:27:10.461] [Server thread/WARN] [net.minecraft.server.MinecraftServer/]: Can't keep up! Is the server overloaded? Running 7439ms or 148 ticks behind
[30Mar2025 00:27:32.082] [Server thread/WARN] [net.minecraft.server.MinecraftServer/]: Can't keep up! Is the server overloaded? Running 6660ms or 133 ticks behind
[30Mar2025 00:27:53.890] [Server thread/WARN] [net.minecraft.server.MinecraftServer/]: Can't keep up! Is the server overloaded? Running 6818ms or 136 ticks behind
[30Mar2025 00:28:14.514] [Server thread/WARN] [net.minecraft.server.MinecraftServer/]: Can't keep up! Is the server overloaded? Running 5642ms or 112 ticks behind
[30Mar2025 00:28:34.959] [Server thread/WARN] [net.minecraft.server.MinecraftServer/]: Can't keep up! Is the server overloaded? Running 5487ms or 109 ticks behind
[30Mar2025 00:28:54.021] [Server thread/WARN] [net.minecraft.server.MinecraftServer/]: Can't keep up! Is the server overloaded? Running 4099ms or 81 ticks behind
[30Mar2025 00:29:12.209] [Server thread/WARN] [net.minecraft.server.MinecraftServer/]: Can't keep up! Is the server overloaded? Running 3237ms or 64 ticks behind
[30Mar2025 00:29:34.107] [Server thread/WARN] [net.minecraft.server.MinecraftServer/]: Can't keep up! Is the server overloaded? Running 6935ms or 138 ticks behind
[30Mar2025 00:29:56.666] [Server thread/WARN] [net.minecraft.server.MinecraftServer/]: Can't keep up! Is the server overloaded? Running 7594ms or 151 ticks behind
[30Mar2025 00:30:21.181] [Server thread/WARN] [net.minecraft.server.MinecraftServer/]: Can't keep up! Is the server overloaded? Running 9559ms or 191 ticks behind
[30Mar2025 00:30:44.505] [Server thread/WARN] [net.minecraft.server.MinecraftServer/]: Can't keep up! Is the server overloaded? Running 8333ms or 166 ticks behind
[30Mar2025 00:31:08.474] [Server thread/WARN] [net.minecraft.server.MinecraftServer/]: Can't keep up! Is the server overloaded? Running 9002ms or 180 ticks behind
[30Mar2025 00:31:35.471] [Server thread/WARN] [net.minecraft.server.MinecraftServer/]: Can't keep up! Is the server overloaded? Running 11999ms or 239 ticks behind
[30Mar2025 00:32:01.485] [Server thread/WARN] [net.minecraft.server.MinecraftServer/]: Can't keep up! Is the server overloaded? Running 11063ms or 221 ticks behind
[30Mar2025 00:32:26.465] [Server thread/WARN] [net.minecraft.server.MinecraftServer/]: Can't keep up! Is the server overloaded? Running 9993ms or 199 ticks behind
[30Mar2025 00:32:50.388] [Server thread/WARN] [net.minecraft.server.MinecraftServer/]: Can't keep up! Is the server overloaded? Running 8966ms or 179 ticks behind
[30Mar2025 00:33:12.904] [Server thread/WARN] [net.minecraft.server.MinecraftServer/]: Can't keep up! Is the server overloaded? Running 7532ms or 150 ticks behind
[30Mar2025 00:33:28.676] [Server thread/ERROR] [net.minecraft.Util/]: Invalid entity rotation: NaN, discarding.
[30Mar2025 00:33:33.318] [Server thread/WARN] [net.minecraft.server.MinecraftServer/]: Can't keep up! Is the server overloaded? Running 5446ms or 108 ticks behind
[30Mar2025 00:33:52.502] [Server thread/INFO] [net.minecraft.server.MinecraftServer/]: [fablex39: Set own game mode to Creative Mode]
[30Mar2025 00:33:54.949] [Server thread/WARN] [net.minecraft.server.MinecraftServer/]: Can't keep up! Is the server overloaded? Running 6677ms or 133 ticks behind
[30Mar2025 00:33:58.391] [Server thread/INFO] [net.minecraft.server.MinecraftServer/]: [fablex39: Set own game mode to Survival Mode]
[30Mar2025 00:34:15.587] [Server thread/WARN] [net.minecraft.server.MinecraftServer/]: Can't keep up! Is the server overloaded? Running 5665ms or 113 ticks behind
[30Mar2025 00:34:35.327] [Server thread/WARN] [net.minecraft.server.MinecraftServer/]: Can't keep up! Is the server overloaded? Running 4755ms or 95 ticks behind
[30Mar2025 00:34:42.496] [Server thread/INFO] [net.minecraft.server.MinecraftServer/]: Andremat2010 has made the advancement [A Burning Arena]
[30Mar2025 00:34:54.581] [Server thread/WARN] [net.minecraft.server.MinecraftServer/]: Can't keep up! Is the server overloaded? Running 4259ms or 85 ticks behind
[30Mar2025 00:35:08.805] [Server thread/INFO] [net.minecraft.server.MinecraftServer/]: [fablex39: Set own game mode to Creative Mode]
[30Mar2025 00:35:14.819] [Server thread/WARN] [net.minecraft.server.MinecraftServer/]: Can't keep up! Is the server overloaded? Running 5247ms or 104 ticks behind
[30Mar2025 00:35:34.605] [Server thread/WARN] [net.minecraft.server.MinecraftServer/]: Can't keep up! Is the server overloaded? Running 4833ms or 96 ticks behind
[30Mar2025 00:35:45.493] [Server thread/INFO] [net.minecraft.server.MinecraftServer/]: [fablex39: Set own game mode to Survival Mode]
[30Mar2025 00:35:48.471] [Server thread/ERROR] [net.minecraft.Util/]: POI data mismatch: already registered at BlockPos{x=73, y=-33, z=-530}
[30Mar2025 00:35:48.471] [Server thread/ERROR] [net.minecraft.Util/]: POI data mismatch: already registered at BlockPos{x=73, y=-33, z=-529}
[30Mar2025 00:35:54.002] [Server thread/INFO] [net.minecraft.server.MinecraftServer/]: [fablex39: Set own game mode to Creative Mode]
[30Mar2025 00:35:55.274] [Server thread/WARN] [net.minecraft.server.MinecraftServer/]: Can't keep up! Is the server overloaded? Running 5701ms or 114 ticks behind
[30Mar2025 00:36:18.060] [Server thread/WARN] [net.minecraft.server.MinecraftServer/]: Can't keep up! Is the server overloaded? Running 7788ms or 155 ticks behind
[30Mar2025 00:36:33.774] [Server thread/INFO] [net.minecraft.server.MinecraftServer/]: [fablex39: Set own game mode to Survival Mode]
[30Mar2025 00:36:40.395] [Server thread/WARN] [net.minecraft.server.MinecraftServer/]: Can't keep up! Is the server overloaded? Running 7373ms or 147 ticks behind
[30Mar2025 00:37:00.991] [Server thread/WARN] [net.minecraft.server.MinecraftServer/]: Can't keep up! Is the server overloaded? Running 5619ms or 112 ticks behind
[30Mar2025 00:37:21.790] [Server thread/WARN] [net.minecraft.server.MinecraftServer/]: Can't keep up! Is the server overloaded? Running 5818ms or 116 ticks behind
[30Mar2025 00:37:43.679] [Server thread/WARN] [net.minecraft.server.MinecraftServer/]: Can't keep up! Is the server overloaded? Running 6907ms or 138 ticks behind
[30Mar2025 00:38:04.971] [Server thread/WARN] [net.minecraft.server.MinecraftServer/]: Can't keep up! Is the server overloaded? Running 6299ms or 125 ticks behind
[30Mar2025 00:38:27.084] [Server thread/WARN] [net.minecraft.server.MinecraftServer/]: Can't keep up! Is the server overloaded? Running 7162ms or 143 ticks behind
[30Mar2025 00:38:49.707] [Server thread/WARN] [net.minecraft.server.MinecraftServer/]: Can't keep up! Is the server overloaded? Running 7635ms or 152 ticks behind
[30Mar2025 00:39:01.869] [Server thread/INFO] [net.minecraft.world.entity.npc.Villager/]: Villager Villager['Nitwit'/164480, l='ServerLevel[world]', x=-1830.42, y=134.00, z=1822.74] died, message: 'Nitwit hit the ground too hard whilst trying to escape Sucker'
[30Mar2025 00:39:10.716] [Server thread/WARN] [net.minecraft.server.MinecraftServer/]: Can't keep up! Is the server overloaded? Running 6044ms or 120 ticks behind
[30Mar2025 00:39:17.597] [Server thread/INFO] [net.minecraft.server.MinecraftServer/]: [fablex39: Set own game mode to Creative Mode]
[30Mar2025 00:39:28.760] [Server thread/WARN] [net.minecraft.server.MinecraftServer/]: Can't keep up! Is the server overloaded? Running 3088ms or 61 ticks behind
[30Mar2025 00:39:48.609] [Server thread/WARN] [net.minecraft.server.MinecraftServer/]: Can't keep up! Is the server overloaded? Running 4887ms or 97 ticks behind
[30Mar2025 00:40:09.754] [Server thread/WARN] [net.minecraft.server.MinecraftServer/]: Can't keep up! Is the server overloaded? Running 6182ms or 123 ticks behind
[30Mar2025 00:40:29.858] [Server thread/WARN] [net.minecraft.server.MinecraftServer/]: Can't keep up! Is the server overloaded? Running 5136ms or 102 ticks behind
[30Mar2025 00:40:49.716] [Server thread/WARN] [net.minecraft.server.MinecraftServer/]: Can't keep up! Is the server overloaded? Running 4894ms or 97 ticks behind
[30Mar2025 00:41:09.693] [Server thread/WARN] [net.minecraft.server.MinecraftServer/]: Can't keep up! Is the server overloaded? Running 5021ms or 100 ticks behind
[30Mar2025 00:41:28.853] [Server thread/WARN] [net.minecraft.server.MinecraftServer/]: Can't keep up! Is the server overloaded? Running 4181ms or 83 ticks behind
[30Mar2025 00:41:48.144] [Server thread/WARN] [net.minecraft.server.MinecraftServer/]: Can't keep up! Is the server overloaded? Running 4322ms or 86 ticks behind
[30Mar2025 00:42:00.248] [Server thread/INFO] [net.minecraft.server.MinecraftServer/]: [fablex39: Set own game mode to Survival Mode]
[30Mar2025 00:42:07.475] [Server thread/WARN] [net.minecraft.server.MinecraftServer/]: Can't keep up! Is the server overloaded? Running 4353ms or 87 ticks behind
[30Mar2025 00:42:13.618] [Server thread/INFO] [net.minecraft.server.MinecraftServer/]: [fablex39: Set own game mode to Creative Mode]
[30Mar2025 00:42:25.357] [Server thread/INFO] [net.minecraft.server.MinecraftServer/]: [fablex39: Set own game mode to Survival Mode]
[30Mar2025 00:42:27.779] [Server thread/WARN] [net.minecraft.server.MinecraftServer/]: Can't keep up! Is the server overloaded? Running 5306ms or 106 ticks behind
[30Mar2025 00:42:47.734] [Server thread/WARN] [net.minecraft.server.MinecraftServer/]: Can't keep up! Is the server overloaded? Running 4962ms or 99 ticks behind
[30Mar2025 00:43:06.725] [Server thread/WARN] [net.minecraft.server.MinecraftServer/]: Can't keep up! Is the server overloaded? Running 4003ms or 80 ticks behind
[30Mar2025 00:43:25.870] [Server thread/WARN] [net.minecraft.server.MinecraftServer/]: Can't keep up! Is the server overloaded? Running 4148ms or 82 ticks behind
[30Mar2025 00:43:45.190] [Server thread/WARN] [net.minecraft.server.MinecraftServer/]: Can't keep up! Is the server overloaded? Running 4368ms or 87 ticks behind
[30Mar2025 00:43:57.323] [Server thread/WARN] [net.minecraft.server.network.ServerGamePacketListenerImpl/]: fablex39 moved wrongly!
[30Mar2025 00:44:05.180] [Server thread/WARN] [net.minecraft.server.MinecraftServer/]: Can't keep up! Is the server overloaded? Running 5008ms or 100 ticks behind
[30Mar2025 00:44:28.081] [Server thread/WARN] [net.minecraft.server.MinecraftServer/]: Can't keep up! Is the server overloaded? Running 7909ms or 158 ticks behind
[30Mar2025 00:44:51.534] [Server thread/WARN] [net.minecraft.server.MinecraftServer/]: Can't keep up! Is the server overloaded? Running 8462ms or 169 ticks behind
[30Mar2025 00:45:15.805] [Server thread/WARN] [net.minecraft.server.MinecraftServer/]: Can't keep up! Is the server overloaded? Running 9283ms or 185 ticks behind
[30Mar2025 00:45:21.772] [Server thread/INFO] [net.minecraft.world.entity.npc.Villager/]: Villager Villager['Unemployed'/164557, l='ServerLevel[world]', x=-1800.70, y=117.19, z=1800.51] died, message: 'Unemployed was slain by The Moonflower'
[30Mar2025 00:45:38.657] [Server thread/WARN] [net.minecraft.server.MinecraftServer/]: Can't keep up! Is the server overloaded? Running 7885ms or 157 ticks behind
[30Mar2025 00:45:41.176] [Server thread/INFO] [net.minecraft.world.entity.npc.Villager/]: Villager Villager['Armorer'/164481, l='ServerLevel[world]', x=-1803.08, y=115.00, z=1823.66] died, message: 'Armorer was slain by The Moonflower'
[30Mar2025 00:45:59.064] [Server thread/WARN] [net.minecraft.server.MinecraftServer/]: Can't keep up! Is the server overloaded? Running 5442ms or 108 ticks behind
[30Mar2025 00:46:08.127] [Server thread/WARN] [net.minecraft.server.network.ServerGamePacketListenerImpl/]: elchipaxd12 moved wrongly!
[30Mar2025 00:46:21.594] [Server thread/WARN] [net.minecraft.server.MinecraftServer/]: Can't keep up! Is the server overloaded? Running 7571ms or 151 ticks behind
[30Mar2025 00:46:44.748] [Server thread/WARN] [net.minecraft.server.MinecraftServer/]: Can't keep up! Is the server overloaded? Running 8176ms or 163 ticks behind
[30Mar2025 00:47:08.423] [Server thread/WARN] [net.minecraft.server.MinecraftServer/]: Can't keep up! Is the server overloaded? Running 8701ms or 174 ticks behind
[30Mar2025 00:47:34.382] [Server thread/WARN] [net.minecraft.server.MinecraftServer/]: Can't keep up! Is the server overloaded? Running 10960ms or 219 ticks behind
[30Mar2025 00:47:45.749] [Server thread/INFO] [net.minecraft.server.MinecraftServer/]: [fablex39: Set own game mode to Creative Mode]
[30Mar2025 00:48:01.069] [Server thread/WARN] [net.minecraft.server.MinecraftServer/]: Can't keep up! Is the server overloaded? Running 11697ms or 233 ticks behind
[30Mar2025 00:48:10.421] [Server thread/WARN] [net.minecraft.server.network.ServerGamePacketListenerImpl/]: Gabriel moved too quickly! -6.385916548116711,4.4799999999999045,7.338227825076501
[30Mar2025 00:48:28.304] [Server thread/WARN] [net.minecraft.server.MinecraftServer/]: Can't keep up! Is the server overloaded? Running 12282ms or 245 ticks behind
[30Mar2025 00:48:55.408] [Server thread/WARN] [net.minecraft.server.MinecraftServer/]: Can't keep up! Is the server overloaded? Running 12136ms or 242 ticks behind
[30Mar2025 00:48:59.603] [Server thread/WARN] [net.minecraft.server.network.ServerGamePacketListenerImpl/]: Gabriel moved too quickly! 9.889353021449097,-0.14640889716046956,2.8682417239342612
[30Mar2025 00:49:01.530] [Server thread/ERROR] [net.minecraft.Util/]: POI data mismatch: already registered at BlockPos{x=869, y=-44, z=-59}
[30Mar2025 00:49:03.509] [Server thread/ERROR] [net.minecraft.Util/]: POI data mismatch: already registered at BlockPos{x=879, y=-46, z=-72}
[30Mar2025 00:49:28.135] [Server thread/WARN] [net.minecraft.server.MinecraftServer/]: Can't keep up! Is the server overloaded? Running 17763ms or 355 ticks behind
[30Mar2025 00:49:56.851] [Server thread/WARN] [net.minecraft.server.MinecraftServer/]: Can't keep up! Is the server overloaded? Running 13729ms or 274 ticks behind
[30Mar2025 00:50:24.704] [Server thread/WARN] [net.minecraft.server.MinecraftServer/]: Can't keep up! Is the server overloaded? Running 12882ms or 257 ticks behind
[30Mar2025 00:50:51.762] [Server thread/WARN] [net.minecraft.server.MinecraftServer/]: Can't keep up! Is the server overloaded? Running 12089ms or 241 ticks behind
[30Mar2025 00:51:19.369] [Server thread/WARN] [net.minecraft.server.MinecraftServer/]: Can't keep up! Is the server overloaded? Running 12647ms or 252 ticks behind
[30Mar2025 00:51:34.465] [Server thread/ERROR] [net.minecraft.Util/]: POI data mismatch: already registered at BlockPos{x=1707, y=-33, z=125}
[30Mar2025 00:51:50.341] [Server thread/INFO] [net.blay09.mods.waystones.core.PlayerWaystoneManager/]: Rejected teleport: MissingWaystone
[30Mar2025 00:51:51.204] [Server thread/WARN] [net.minecraft.server.MinecraftServer/]: Can't keep up! Is the server overloaded? Running 16882ms or 337 ticks behind
[30Mar2025 00:52:17.161] [Server thread/WARN] [net.minecraft.server.MinecraftServer/]: Can't keep up! Is the server overloaded? Running 10989ms or 219 ticks behind
[30Mar2025 00:52:44.438] [Server thread/WARN] [net.minecraft.server.MinecraftServer/]: Can't keep up! Is the server overloaded? Running 12316ms or 246 ticks behind
[30Mar2025 00:53:13.163] [Server thread/ERROR] [net.minecraft.Util/]: POI data mismatch: already registered at BlockPos{x=1768, y=1, z=-36}
[30Mar2025 00:53:15.917] [Server thread/WARN] [net.minecraft.server.MinecraftServer/]: Can't keep up! Is the server overloaded? Running 16495ms or 329 ticks behind
[30Mar2025 00:53:19.724] [Server thread/ERROR] [net.minecraft.Util/]: POI data mismatch: already registered at BlockPos{x=2004, y=-20, z=154}
[30Mar2025 00:53:19.724] [Server thread/ERROR] [net.minecraft.Util/]: POI data mismatch: already registered at BlockPos{x=2004, y=-20, z=153}
[30Mar2025 00:53:30.333] [Server thread/INFO] [net.minecraft.server.MinecraftServer/]: [fablex39: Set own game mode to Survival Mode]
[30Mar2025 00:53:45.622] [Server thread/WARN] [net.minecraft.server.MinecraftServer/]: Can't keep up! Is the server overloaded? Running 14750ms or 295 ticks behind
[30Mar2025 00:54:12.166] [Server thread/WARN] [net.minecraft.server.MinecraftServer/]: Can't keep up! Is the server overloaded? Running 11543ms or 230 ticks behind
[30Mar2025 00:54:25.278] [Server thread/INFO] [net.minecraft.server.MinecraftServer/]: fablex39 has made the advancement [A Burning Arena]
[30Mar2025 00:54:39.301] [Server thread/WARN] [net.minecraft.server.MinecraftServer/]: Can't keep up! Is the server overloaded? Running 12178ms or 243 ticks behind
[30Mar2025 00:55:04.450] [Server thread/WARN] [net.minecraft.server.MinecraftServer/]: Can't keep up! Is the server overloaded? Running 10178ms or 203 ticks behind
[30Mar2025 00:55:28.948] [Server thread/WARN] [net.minecraft.server.MinecraftServer/]: Can't keep up! Is the server overloaded? Running 9525ms or 190 ticks behind
[30Mar2025 00:55:53.435] [Server thread/WARN] [net.minecraft.server.MinecraftServer/]: Can't keep up! Is the server overloaded? Running 9513ms or 190 ticks behind
[30Mar2025 00:56:18.039] [Server thread/WARN] [net.minecraft.server.MinecraftServer/]: Can't keep up! Is the server overloaded? Running 9617ms or 192 ticks behind
[30Mar2025 00:56:41.682] [Server thread/WARN] [net.minecraft.server.MinecraftServer/]: Can't keep up! Is the server overloaded? Running 8660ms or 173 ticks behind
[30Mar2025 00:57:02.911] [Server thread/WARN] [net.minecraft.server.MinecraftServer/]: Can't keep up! Is the server overloaded? Running 6239ms or 124 ticks behind
[30Mar2025 00:57:23.675] [Server thread/WARN] [net.minecraft.server.MinecraftServer/]: Can't keep up! Is the server overloaded? Running 5803ms or 116 ticks behind
[30Mar2025 00:57:44.981] [Server thread/WARN] [net.minecraft.server.MinecraftServer/]: Can't keep up! Is the server overloaded? Running 6309ms or 126 ticks behind
[30Mar2025 00:58:05.747] [Server thread/WARN] [net.minecraft.server.MinecraftServer/]: Can't keep up! Is the server overloaded? Running 5775ms or 115 ticks behind
[30Mar2025 00:58:26.869] [Server thread/WARN] [net.minecraft.server.MinecraftServer/]: Can't keep up! Is the server overloaded? Running 6147ms or 122 ticks behind
[30Mar2025 00:58:54.342] [Server thread/WARN] [net.minecraft.server.MinecraftServer/]: Can't keep up! Is the server overloaded? Running 12520ms or 250 ticks behind
[30Mar2025 00:59:09.533] [Server thread/WARN] [tombstone/]: The death event of the player fablex39 was canceled by another mod
[30Mar2025 00:59:09.550] [Server thread/INFO] [tombstone/]: The player fablex39 has successfully been saved
[30Mar2025 00:59:19.008] [Server thread/WARN] [net.minecraft.server.MinecraftServer/]: Can't keep up! Is the server overloaded? Running 9686ms or 193 ticks behind
[30Mar2025 00:59:40.213] [Server thread/WARN] [net.minecraft.server.MinecraftServer/]: Can't keep up! Is the server overloaded? Running 6241ms or 124 ticks behind
[30Mar2025 00:59:59.397] [Server thread/WARN] [net.minecraft.server.MinecraftServer/]: Can't keep up! Is the server overloaded? Running 4225ms or 84 ticks behind
[30Mar2025 01:00:17.705] [Server thread/WARN] [net.minecraft.server.MinecraftServer/]: Can't keep up! Is the server overloaded? Running 3333ms or 66 ticks behind
[30Mar2025 01:00:34.867] [Server thread/WARN] [net.minecraft.server.MinecraftServer/]: Can't keep up! Is the server overloaded? Running 2195ms or 43 ticks behind
[30Mar2025 01:00:54.574] [Server thread/WARN] [net.minecraft.server.MinecraftServer/]: Can't keep up! Is the server overloaded? Running 4752ms or 95 ticks behind
[30Mar2025 01:01:02.214] [Server thread/INFO] [net.minecraft.server.MinecraftServer/]: [fablex39: Teleported fablex39 to Gabriel]
[30Mar2025 01:01:17.268] [Server thread/WARN] [net.minecraft.server.MinecraftServer/]: Can't keep up! Is the server overloaded? Running 7696ms or 153 ticks behind
[30Mar2025 01:01:20.162] [Server thread/WARN] [tombstone/]: The death event of the player fablex39 was canceled by another mod
[30Mar2025 01:01:20.181] [Server thread/INFO] [tombstone/]: The player fablex39 has successfully been saved
[30Mar2025 01:01:41.114] [Server thread/WARN] [net.minecraft.server.MinecraftServer/]: Can't keep up! Is the server overloaded? Running 8891ms or 177 ticks behind
[30Mar2025 01:02:03.725] [Server thread/WARN] [net.minecraft.server.MinecraftServer/]: Can't keep up! Is the server overloaded? Running 7653ms or 153 ticks behind
[30Mar2025 01:02:27.056] [Server thread/WARN] [net.minecraft.server.MinecraftServer/]: Can't keep up! Is the server overloaded? Running 8334ms or 166 ticks behind
[30Mar2025 01:02:51.364] [Server thread/WARN] [net.minecraft.server.MinecraftServer/]: Can't keep up! Is the server overloaded? Running 9342ms or 186 ticks behind
[30Mar2025 01:02:54.474] [Server thread/INFO] [net.minecraft.server.network.ServerGamePacketListenerImpl/]: LTCBAS2022 lost connection: Disconnected
[30Mar2025 01:02:54.475] [Server thread/INFO] [net.minecraft.server.MinecraftServer/]: LTCBAS2022 left the game
[30Mar2025 01:03:09.595] [Server thread/WARN] [net.minecraft.server.MinecraftServer/]: Can't keep up! Is the server overloaded? Running 3273ms or 65 ticks behind
[30Mar2025 01:03:48.913] [Server thread/WARN] [net.minecraft.server.network.ServerGamePacketListenerImpl/]: Andremat2010 moved wrongly!
[30Mar2025 01:03:51.015] [Server thread/WARN] [tombstone/]: The death event of the player fablex39 was canceled by another mod
[30Mar2025 01:03:51.083] [Server thread/INFO] [tombstone/]: The player fablex39 has successfully been saved
[30Mar2025 01:03:59.259] [Server thread/INFO] [net.minecraft.server.MinecraftServer/]: elchipaxd12 has completed the challenge [Knights of The Square-Table]
[30Mar2025 01:04:38.529] [Server thread/WARN] [net.minecraft.server.MinecraftServer/]: Can't keep up! Is the server overloaded? Running 2007ms or 40 ticks behind
[30Mar2025 01:04:54.682] [Server thread/INFO] [net.minecraft.server.MinecraftServer/]: elchipaxd12 has completed the challenge [Serious Dedication]
[30Mar2025 01:04:57.537] [Server thread/WARN] [net.minecraft.server.MinecraftServer/]: Can't keep up! Is the server overloaded? Running 4015ms or 80 ticks behind
[30Mar2025 01:05:02.199] [Server thread/INFO] [net.minecraft.server.MinecraftServer/]: [fablex39: Set own game mode to Creative Mode]
[30Mar2025 01:05:21.781] [Server thread/WARN] [net.minecraft.server.MinecraftServer/]: Can't keep up! Is the server overloaded? Running 2009ms or 40 ticks behind
[30Mar2025 01:05:38.953] [Server thread/WARN] [net.minecraft.server.MinecraftServer/]: Can't keep up! Is the server overloaded? Running 2181ms or 43 ticks behind
[30Mar2025 01:05:56.878] [Server thread/WARN] [net.minecraft.server.network.ServerGamePacketListenerImpl/]: elchipaxd12 moved wrongly!
[30Mar2025 01:05:59.690] [Server thread/WARN] [tombstone/]: The death event of the player elchipaxd12 was canceled by another mod
[30Mar2025 01:05:59.719] [Server thread/INFO] [tombstone/]: The player elchipaxd12 has successfully been saved
[30Mar2025 01:06:09.811] [Server thread/INFO] [net.minecraft.server.MinecraftServer/]: [fablex39: Set own game mode to Survival Mode]
[30Mar2025 01:07:02.052] [Server thread/WARN] [tombstone/]: The death event of the player Gabriel was canceled by another mod
[30Mar2025 01:07:02.064] [Server thread/INFO] [tombstone/]: The player Gabriel has successfully been saved
[30Mar2025 01:07:09.372] [Server thread/WARN] [tombstone/]: The death event of the player elchipaxd12 was canceled by another mod
[30Mar2025 01:07:09.419] [Server thread/INFO] [tombstone/]: The player elchipaxd12 has successfully been saved
[30Mar2025 01:07:10.676] [Server thread/WARN] [tombstone/]: The death event of the player fablex39 was canceled by another mod
[30Mar2025 01:07:10.709] [Server thread/INFO] [tombstone/]: The player fablex39 has successfully been saved
[30Mar2025 01:07:21.698] [Server thread/WARN] [tombstone/]: The death event of the player Andremat2010 was canceled by another mod
[30Mar2025 01:07:21.709] [Server thread/INFO] [tombstone/]: The player Andremat2010 has successfully been saved
[30Mar2025 01:07:35.011] [Server thread/INFO] [net.minecraft.server.MinecraftServer/]: fablex39 was doomed to fall by Phantom
[30Mar2025 01:07:40.711] [Server thread/INFO] [net.minecraft.server.MinecraftServer/]: [Not Secure] <Gabriel> aklaç
[30Mar2025 01:07:52.353] [Server thread/INFO] [net.minecraft.server.MinecraftServer/]: [fablex39: Set own game mode to Survival Mode]
[30Mar2025 01:08:02.004] [Server thread/INFO] [net.minecraft.server.MinecraftServer/]: Gabriel was slain by Ignis
[30Mar2025 01:08:09.352] [Server thread/INFO] [net.minecraft.server.MinecraftServer/]: elchipaxd12 was doomed to fall by Phantom
[30Mar2025 01:08:18.769] [Server thread/INFO] [net.minecraft.server.MinecraftServer/]: [fablex39: Set Gabriel's game mode to Survival Mode]
[30Mar2025 01:08:18.769] [Server thread/INFO] [net.minecraft.server.MinecraftServer/]: [fablex39: Set elchipaxd12's game mode to Survival Mode]
[30Mar2025 01:08:32.245] [Server thread/WARN] [tombstone/]: The death event of the player Andremat2010 was canceled by another mod
[30Mar2025 01:08:32.609] [Server thread/INFO] [tombstone/]: The player Andremat2010 has successfully been saved
[30Mar2025 01:08:42.009] [Server thread/INFO] [net.minecraft.server.MinecraftServer/]: [fablex39: Teleported elchipaxd12 to fablex39]
[30Mar2025 01:09:34.060] [Server thread/INFO] [net.minecraft.server.MinecraftServer/]: Andremat2010 was killed by Ignis using magic
[30Mar2025 01:09:38.056] [Server thread/INFO] [net.minecraft.server.MinecraftServer/]: [fablex39: Set Andremat2010's game mode to Survival Mode]
[30Mar2025 01:11:06.901] [Server thread/WARN] [tombstone/]: The death event of the player Gabriel was canceled by another mod
[30Mar2025 01:11:06.911] [Server thread/INFO] [tombstone/]: The player Gabriel has successfully been saved
[30Mar2025 01:11:10.854] [Server thread/INFO] [net.minecraft.server.MinecraftServer/]: [fablex39: Set own game mode to Creative Mode]
[30Mar2025 01:11:13.524] [Server thread/INFO] [net.minecraft.world.entity.npc.Villager/]: Villager Villager['Unemployed'/253744, l='ServerLevel[world]', x=458.50, y=70.56, z=446.50] died, message: 'Unemployed was killed'
[30Mar2025 01:11:18.853] [Server thread/INFO] [net.minecraft.server.MinecraftServer/]: [fablex39: Set own game mode to Survival Mode]
[30Mar2025 01:11:29.649] [Server thread/WARN] [tombstone/]: The death event of the player Andremat2010 was canceled by another mod
[30Mar2025 01:11:29.653] [Server thread/WARN] [tombstone/]: The death event of the player Gabriel was canceled by another mod
[30Mar2025 01:11:29.664] [Server thread/INFO] [tombstone/]: The player Andremat2010 has successfully been saved
[30Mar2025 01:11:29.667] [Server thread/INFO] [tombstone/]: The player Gabriel has successfully been saved
[30Mar2025 01:12:28.050] [Server thread/WARN] [tombstone/]: The death event of the player fablex39 was canceled by another mod
[30Mar2025 01:12:28.094] [Server thread/INFO] [tombstone/]: The player fablex39 has successfully been saved
[30Mar2025 01:12:30.351] [Server thread/INFO] [net.minecraft.server.MinecraftServer/]: Andremat2010 was slain by Ignis
[30Mar2025 01:12:55.653] [Server thread/INFO] [net.minecraft.server.MinecraftServer/]: [fablex39: Set Andremat2010's game mode to Survival Mode]
[30Mar2025 01:14:00.268] [Server thread/WARN] [tombstone/]: The death event of the player fablex39 was canceled by another mod
[30Mar2025 01:14:00.312] [Server thread/INFO] [tombstone/]: The player fablex39 has successfully been saved
[30Mar2025 01:14:16.008] [Server thread/INFO] [net.minecraft.server.MinecraftServer/]: elchipaxd12 has reached the goal [Doom Slayer]
[30Mar2025 01:14:44.067] [Server thread/WARN] [tombstone/]: The death event of the player Andremat2010 was canceled by another mod
[30Mar2025 01:14:44.135] [Server thread/INFO] [tombstone/]: The player Andremat2010 has successfully been saved
[30Mar2025 01:14:49.770] [Server thread/INFO] [net.minecraft.server.MinecraftServer/]: Gabriel has completed the challenge [The Extinguished Fire]
[30Mar2025 01:15:36.577] [Server thread/WARN] [net.minecraft.server.network.ServerGamePacketListenerImpl/]: Lander (vehicle of elchipaxd12) moved too quickly! 0.5,16.42048029533703,0.5
[30Mar2025 01:15:36.578] [Server thread/WARN] [net.minecraft.server.network.ServerGamePacketListenerImpl/]: Lander (vehicle of elchipaxd12) moved too quickly! 0.5,12.470480295336984,0.5
[30Mar2025 01:15:36.579] [Server thread/WARN] [net.minecraft.server.network.ServerGamePacketListenerImpl/]: Lander (vehicle of elchipaxd12) moved too quickly! 0.5,13.42547957531292,0.5
[30Mar2025 01:15:43.962] [Server thread/WARN] [net.minecraft.server.network.ServerGamePacketListenerImpl/]: Tier 2 Rocket (vehicle of fablex39) moved too quickly! 0.0,-13.369989919662508,0.0
[30Mar2025 01:15:43.962] [Server thread/WARN] [net.minecraft.server.network.ServerGamePacketListenerImpl/]: Tier 2 Rocket (vehicle of fablex39) moved too quickly! 0.0,-13.369989919662508,0.0
[30Mar2025 01:15:43.962] [Server thread/WARN] [net.minecraft.server.network.ServerGamePacketListenerImpl/]: Tier 2 Rocket (vehicle of fablex39) moved too quickly! 0.0,-13.369989919662508,0.0
[30Mar2025 01:15:43.962] [Server thread/WARN] [net.minecraft.server.network.ServerGamePacketListenerImpl/]: Tier 2 Rocket (vehicle of fablex39) moved too quickly! 0.0,-13.369989919662508,0.0
[30Mar2025 01:15:43.963] [Server thread/WARN] [net.minecraft.server.network.ServerGamePacketListenerImpl/]: Tier 2 Rocket (vehicle of fablex39) moved too quickly! 0.0,-12.414990639686614,0.0
[30Mar2025 01:15:44.024] [Server thread/WARN] [net.minecraft.server.network.ServerGamePacketListenerImpl/]: Tier 2 Rocket (vehicle of fablex39) moved too quickly! 0.0,-11.45999135971072,0.0
[30Mar2025 01:15:44.024] [Server thread/WARN] [net.minecraft.server.network.ServerGamePacketListenerImpl/]: Tier 2 Rocket (vehicle of fablex39) moved too quickly! 0.0,-13.369989919662508,0.0
[30Mar2025 01:15:44.024] [Server thread/WARN] [net.minecraft.server.network.ServerGamePacketListenerImpl/]: Tier 2 Rocket (vehicle of fablex39) moved too quickly! 0.0,-12.414990639686614,0.0
[30Mar2025 01:15:44.057] [Server thread/WARN] [net.minecraft.server.network.ServerGamePacketListenerImpl/]: Tier 2 Rocket (vehicle of fablex39) moved too quickly! 0.0,-11.45999135971072,0.0
[30Mar2025 01:15:44.124] [Server thread/WARN] [net.minecraft.server.network.ServerGamePacketListenerImpl/]: Tier 2 Rocket (vehicle of fablex39) moved too quickly! 0.0,-10.504992079734826,0.0
[30Mar2025 01:16:16.970] [Server thread/INFO] [net.minecraft.server.MinecraftServer/]: fablex39 has made the advancement [The Martian]
[30Mar2025 01:16:30.239] [Server thread/INFO] [net.minecraft.server.MinecraftServer/]: elchipaxd12 has made the advancement [The Next Step]
[30Mar2025 01:17:48.123] [Server thread/INFO] [net.minecraft.server.MinecraftServer/]: [fablex39: Set own game mode to Creative Mode]
[30Mar2025 01:17:50.612] [Server thread/INFO] [net.minecraft.server.MinecraftServer/]: elchipaxd12 has made the advancement [The Martian]
[30Mar2025 01:17:50.683] [Server thread/WARN] [net.minecraft.server.network.ServerGamePacketListenerImpl/]: Lander (vehicle of elchipaxd12) moved too quickly! 0.5,122.18100186987806,0.5
[30Mar2025 01:17:50.712] [Server thread/WARN] [net.minecraft.server.network.ServerGamePacketListenerImpl/]: Lander (vehicle of elchipaxd12) moved too quickly! 0.5,122.06135726707271,0.5
[30Mar2025 01:18:13.127] [Server thread/INFO] [net.minecraft.server.MinecraftServer/]: [fablex39: Set own game mode to Survival Mode]
[30Mar2025 01:18:37.430] [Server thread/INFO] [tombstone/]: The player Andremat2010 has successfully been saved
[30Mar2025 01:18:40.457] [Server thread/INFO] [tombstone/]: The player Andremat2010 has successfully been saved
[30Mar2025 01:19:37.368] [Server thread/WARN] [net.minecraft.server.MinecraftServer/]: Can't keep up! Is the server overloaded? Running 2046ms or 40 ticks behind
[30Mar2025 01:21:25.566] [Server thread/WARN] [net.minecraft.server.level.ServerPlayerGameMode/]: Mismatch in destroy block pos: BlockPos{x=437, y=46, z=1272} BlockPos{x=438, y=46, z=1270}
[30Mar2025 01:21:34.056] [Server thread/WARN] [net.minecraft.server.level.ServerPlayerGameMode/]: Mismatch in destroy block pos: BlockPos{x=435, y=49, z=1293} BlockPos{x=436, y=49, z=1293}
[30Mar2025 01:22:06.050] [Server thread/INFO] [net.minecraft.server.MinecraftServer/]: [fablex39: Teleported fablex39 to elchipaxd12]
[30Mar2025 01:22:15.506] [Server thread/INFO] [net.minecraft.server.MinecraftServer/]: [fablex39: Set own game mode to Creative Mode]
[30Mar2025 01:22:25.958] [Server thread/INFO] [net.minecraft.server.MinecraftServer/]: [fablex39: Set own game mode to Survival Mode]
[30Mar2025 01:23:08.862] [Citadel Pathfinding Worker #0/WARN] [citadel/]: Pathfinding Exception
java.lang.IllegalStateException: Missing registry: ResourceKey[minecraft:root / minecraft:block]
	at net.minecraft.core.RegistryAccess.m_175521_(RegistryAccess.java:26) ~[server-1.20.1-20230612.114412-srg.jar%23283!/:?]
	at java.util.Optional.orElseThrow(Optional.java:403) ~[?:?]
	at net.minecraft.core.RegistryAccess.m_175515_(RegistryAccess.java:26) ~[server-1.20.1-20230612.114412-srg.jar%23283!/:?]
	at net.minecraft.world.level.LevelReader.m_246945_(LevelReader.java:224) ~[server-1.20.1-20230612.114412-srg.jar%23283!/:?]
	at net.geforcemods.securitycraft.api.IDisguisable.getDisguisedBlockState(IDisguisable.java:48) ~[%5B1.20.1%5D%20SecurityCraft%20v1.9.12.jar%23191!/:1.9.12]
	at net.geforcemods.securitycraft.api.IDisguisable.getDisguisedStateOrDefault(IDisguisable.java:41) ~[%5B1.20.1%5D%20SecurityCraft%20v1.9.12.jar%23191!/:1.9.12]
	at net.geforcemods.securitycraft.blocks.DisguisableBlock.m_5939_(DisguisableBlock.java:90) ~[%5B1.20.1%5D%20SecurityCraft%20v1.9.12.jar%23191!/:1.9.12]
	at net.geforcemods.securitycraft.blocks.SometimesVisibleBlock.m_5939_(SometimesVisibleBlock.java:43) ~[%5B1.20.1%5D%20SecurityCraft%20v1.9.12.jar%23191!/:1.9.12]
	at net.minecraft.world.level.block.state.BlockBehaviour.m_7947_(BlockBehaviour.java:277) ~[server-1.20.1-20230612.114412-srg.jar%23283!/:?]
	at net.minecraft.world.level.block.state.BlockBehaviour$BlockStateBase.m_60816_(BlockBehaviour.java:688) ~[server-1.20.1-20230612.114412-srg.jar%23283!/:?]
	at com.github.alexthe666.citadel.server.entity.pathfinding.raycoms.pathjobs.AbstractPathJob.checkHeadBlock(AbstractPathJob.java:1218) ~[citadel-2.6.1-1.20.1.jar%23206!/:2.6.1-1.20.1]
	at com.github.alexthe666.citadel.server.entity.pathfinding.raycoms.pathjobs.AbstractPathJob.getGroundHeight(AbstractPathJob.java:1017) ~[citadel-2.6.1-1.20.1.jar%23206!/:2.6.1-1.20.1]
	at com.github.alexthe666.citadel.server.entity.pathfinding.raycoms.pathjobs.AbstractPathJob.walk(AbstractPathJob.java:887) ~[citadel-2.6.1-1.20.1.jar%23206!/:2.6.1-1.20.1]
	at com.github.alexthe666.citadel.server.entity.pathfinding.raycoms.pathjobs.AbstractPathJob.walkCurrentNode(AbstractPathJob.java:687) ~[citadel-2.6.1-1.20.1.jar%23206!/:2.6.1-1.20.1]
	at com.github.alexthe666.citadel.server.entity.pathfinding.raycoms.pathjobs.AbstractPathJob.search(AbstractPathJob.java:607) ~[citadel-2.6.1-1.20.1.jar%23206!/:2.6.1-1.20.1]
	at com.github.alexthe666.citadel.server.entity.pathfinding.raycoms.pathjobs.PathJobMoveToLocation.search(PathJobMoveToLocation.java:62) ~[citadel-2.6.1-1.20.1.jar%23206!/:2.6.1-1.20.1]
	at com.github.alexthe666.citadel.server.entity.pathfinding.raycoms.pathjobs.AbstractPathJob.call(AbstractPathJob.java:552) ~[citadel-2.6.1-1.20.1.jar%23206!/:2.6.1-1.20.1]
	at com.github.alexthe666.citadel.server.entity.pathfinding.raycoms.pathjobs.AbstractPathJob.call(AbstractPathJob.java:45) ~[citadel-2.6.1-1.20.1.jar%23206!/:2.6.1-1.20.1]
	at java.util.concurrent.FutureTask.run(FutureTask.java:264) ~[?:?]
	at java.util.concurrent.ThreadPoolExecutor.runWorker(ThreadPoolExecutor.java:1136) ~[?:?]
	at java.util.concurrent.ThreadPoolExecutor$Worker.run(ThreadPoolExecutor.java:635) ~[?:?]
	at java.lang.Thread.run(Thread.java:840) ~[?:?]
[30Mar2025 01:25:11.111] [Server thread/INFO] [net.minecraft.server.MinecraftServer/]: [fablex39: Set own game mode to Creative Mode]
[30Mar2025 01:25:27.910] [Server thread/INFO] [net.minecraft.server.MinecraftServer/]: [fablex39: Set own game mode to Survival Mode]
[30Mar2025 01:26:41.013] [Server thread/INFO] [net.minecraft.world.entity.npc.Villager/]: Villager Villager['Librarian'/272379, l='ServerLevel[world]', x=470.69, y=66.00, z=435.70] died, message: 'Librarian froze to death'
[30Mar2025 01:27:03.302] [Server thread/INFO] [net.minecraft.server.MinecraftServer/]: [fablex39: Set own game mode to Creative Mode]
[30Mar2025 01:27:08.569] [Server thread/INFO] [net.minecraft.server.MinecraftServer/]: [fablex39: Set own game mode to Survival Mode]
[30Mar2025 01:28:21.239] [Server thread/WARN] [tombstone/]: The death event of the player Andremat2010 was canceled by another mod
[30Mar2025 01:28:21.251] [Server thread/INFO] [tombstone/]: The player Andremat2010 has successfully been saved
[30Mar2025 01:29:44.574] [Server thread/INFO] [net.minecraft.world.entity.npc.Villager/]: Villager Villager['Unemployed'/279009, l='ServerLevel[world]', x=474.30, y=-256.00, z=421.90] died, message: 'Unemployed was killed'
[30Mar2025 01:32:33.804] [Server thread/INFO] [net.minecraft.server.network.ServerGamePacketListenerImpl/]: elchipaxd12 lost connection: Disconnected
[30Mar2025 01:32:33.804] [Server thread/INFO] [net.minecraft.server.MinecraftServer/]: elchipaxd12 left the game
[30Mar2025 01:34:16.384] [Server thread/INFO] [net.minecraft.server.network.ServerLoginPacketListenerImpl/]: com.mojang.authlib.GameProfile@18a71a08[id=<null>,name=LTCBAS2022,properties={},legacy=false] (/127.63.162.125:60127) lost connection: Disconnected
[30Mar2025 01:34:34.818] [Server thread/INFO] [net.minecraft.server.players.PlayerList/]: LTCBAS2022[/127.63.162.125:35511] logged in with entity id 281501 at (479.3167196576988, 70.0, 424.4647213311942)
[30Mar2025 01:34:34.831] [Server thread/INFO] [net.minecraft.server.MinecraftServer/]: LTCBAS2022 joined the game
[30Mar2025 01:34:34.856] [Server thread/INFO] [Jade/]: Syncing config to LTCBAS2022 (2d34fe58-5639-3f57-9b50-26fd3cd6fb80)
[30Mar2025 01:36:14.797] [Server thread/INFO] [net.minecraft.server.MinecraftServer/]: [fablex39: Set own game mode to Creative Mode]
[30Mar2025 01:36:18.767] [Server thread/INFO] [net.minecraft.server.MinecraftServer/]: [fablex39: Set own game mode to Survival Mode]
[30Mar2025 01:36:37.882] [Server thread/INFO] [net.minecraft.server.players.PlayerList/]: elchipaxd12[/127.223.203.153:42469] logged in with entity id 282350 at (424.8571754787113, 106.40102620936509, 1568.170671274687)
[30Mar2025 01:36:37.893] [Server thread/INFO] [net.minecraft.server.MinecraftServer/]: elchipaxd12 joined the game
[30Mar2025 01:36:37.897] [Server thread/INFO] [Jade/]: Syncing config to elchipaxd12 (c93c4669-f71e-3f02-9321-c5af2f0fcd55)
[30Mar2025 01:39:25.395] [Server thread/WARN] [tombstone/]: The death event of the player Andremat2010 was canceled by another mod
[30Mar2025 01:39:25.437] [Server thread/INFO] [tombstone/]: The player Andremat2010 has successfully been saved
[30Mar2025 01:40:18.279] [Server thread/INFO] [net.minecraft.server.MinecraftServer/]: [fablex39: Set own game mode to Creative Mode]
[30Mar2025 01:40:24.671] [Server thread/INFO] [net.minecraft.server.MinecraftServer/]: [fablex39: Set own game mode to Survival Mode]
[30Mar2025 01:40:34.549] [Server thread/WARN] [tombstone/]: The death event of the player Andremat2010 was canceled by another mod
[30Mar2025 01:40:34.621] [Server thread/INFO] [tombstone/]: The player Andremat2010 has successfully been saved
[30Mar2025 01:40:36.653] [Server thread/INFO] [net.minecraft.server.MinecraftServer/]: Andremat2010 was blown up by Gabriel
[30Mar2025 01:40:36.667] [Server thread/INFO] [tombstone/]: The player Andremat2010 has successfully been saved
[30Mar2025 01:41:41.205] [Server thread/INFO] [net.minecraft.server.network.ServerGamePacketListenerImpl/]: Andremat2010 lost connection: Disconnected
[30Mar2025 01:41:41.205] [Server thread/INFO] [net.minecraft.server.MinecraftServer/]: Andremat2010 left the game
[30Mar2025 01:43:17.288] [Server thread/INFO] [net.minecraft.server.players.PlayerList/]: Andremat2010[/127.133.147.76:41203] logged in with entity id 287598 at (434.8436769832021, 63.52958705474103, 410.2566377274224)
[30Mar2025 01:43:17.302] [Server thread/INFO] [net.minecraft.server.MinecraftServer/]: Andremat2010 joined the game
[30Mar2025 01:43:17.343] [Server thread/INFO] [Jade/]: Syncing config to Andremat2010 (b6190ebc-ec78-3fbc-8ee5-431ad60fde8c)
[30Mar2025 01:43:32.011] [Server thread/INFO] [net.minecraft.server.MinecraftServer/]: [fablex39: Set own game mode to Creative Mode]
[30Mar2025 01:43:54.420] [Server thread/INFO] [net.minecraft.server.MinecraftServer/]: [fablex39: Set own game mode to Survival Mode]
[30Mar2025 01:43:54.420] [Server thread/INFO] [net.minecraft.server.MinecraftServer/]: [fablex39: Set Andremat2010's game mode to Survival Mode]
[30Mar2025 01:43:54.504] [Server thread/WARN] [net.minecraft.server.network.ServerGamePacketListenerImpl/]: Andremat2010 moved wrongly!
[30Mar2025 01:44:01.904] [Server thread/INFO] [net.minecraft.server.MinecraftServer/]: fablex39 has made the advancement [The Final Frontier]
[30Mar2025 01:44:09.503] [Server thread/INFO] [net.minecraft.server.MinecraftServer/]: [fablex39: Set own game mode to Creative Mode]
[30Mar2025 01:44:20.518] [Server thread/INFO] [net.minecraft.server.MinecraftServer/]: [fablex39: Set own game mode to Survival Mode]
[30Mar2025 01:44:26.422] [Server thread/INFO] [net.minecraft.server.MinecraftServer/]: Gabriel has made the advancement [The Final Frontier]
[30Mar2025 01:45:01.574] [Server thread/INFO] [net.minecraft.world.entity.npc.Villager/]: Villager Villager['Unemployed'/288905, l='ServerLevel[world]', x=474.30, y=-256.00, z=421.90] died, message: 'Unemployed was killed'
[30Mar2025 01:45:21.220] [Server thread/INFO] [net.minecraft.server.MinecraftServer/]: [fablex39: Set own game mode to Creative Mode]
[30Mar2025 01:45:39.015] [Server thread/INFO] [net.minecraft.server.MinecraftServer/]: [fablex39: Set own game mode to Survival Mode]
[30Mar2025 01:46:38.273] [Server thread/WARN] [net.minecraft.server.MinecraftServer/]: Can't keep up! Is the server overloaded? Running 2001ms or 40 ticks behind
[30Mar2025 01:46:57.323] [Server thread/WARN] [net.minecraft.server.MinecraftServer/]: Can't keep up! Is the server overloaded? Running 2001ms or 40 ticks behind
[30Mar2025 01:47:11.488] [Server thread/INFO] [net.minecraft.server.MinecraftServer/]: [fablex39: Set own game mode to Creative Mode]
[30Mar2025 01:47:13.049] [Server thread/WARN] [net.minecraft.world.level.storage.loot.functions.SetItemDamageFunction/]: Couldn't set damage of loot item 1 golden_horse_armor
[30Mar2025 01:47:16.626] [Server thread/WARN] [net.minecraft.server.MinecraftServer/]: Can't keep up! Is the server overloaded? Running 2003ms or 40 ticks behind
[30Mar2025 01:47:33.855] [Server thread/WARN] [net.minecraft.server.MinecraftServer/]: Can't keep up! Is the server overloaded? Running 2233ms or 44 ticks behind
[30Mar2025 01:47:43.807] [Server thread/INFO] [net.minecraft.server.MinecraftServer/]: [fablex39: Set own game mode to Survival Mode]
[30Mar2025 01:47:52.364] [Server thread/WARN] [net.minecraft.server.MinecraftServer/]: Can't keep up! Is the server overloaded? Running 3542ms or 70 ticks behind
[30Mar2025 01:48:10.647] [Server thread/WARN] [net.minecraft.server.MinecraftServer/]: Can't keep up! Is the server overloaded? Running 3325ms or 66 ticks behind
[30Mar2025 01:48:28.837] [Server thread/WARN] [net.minecraft.server.MinecraftServer/]: Can't keep up! Is the server overloaded? Running 3215ms or 64 ticks behind
[30Mar2025 01:48:47.325] [Server thread/WARN] [net.minecraft.server.MinecraftServer/]: Can't keep up! Is the server overloaded? Running 3503ms or 70 ticks behind
[30Mar2025 01:48:54.753] [Server thread/INFO] [net.minecraft.world.entity.npc.Villager/]: Villager Villager['Farmer'/293499, l='ServerLevel[world]', x=-1821.50, y=119.00, z=1789.50] died, message: 'Farmer suffocated in a wall'
[30Mar2025 01:49:05.614] [Server thread/WARN] [net.minecraft.server.MinecraftServer/]: Can't keep up! Is the server overloaded? Running 3292ms or 65 ticks behind
[30Mar2025 01:49:13.727] [Server thread/INFO] [net.minecraft.server.MinecraftServer/]: [fablex39: Set own game mode to Creative Mode]
[30Mar2025 01:49:25.020] [Server thread/WARN] [net.minecraft.server.MinecraftServer/]: Can't keep up! Is the server overloaded? Running 4448ms or 88 ticks behind
[30Mar2025 01:49:36.469] [Server thread/INFO] [net.minecraft.server.MinecraftServer/]: [fablex39: Set own game mode to Survival Mode]
[30Mar2025 01:49:43.392] [Server thread/WARN] [net.minecraft.server.MinecraftServer/]: Can't keep up! Is the server overloaded? Running 3420ms or 68 ticks behind
[30Mar2025 01:50:02.141] [Server thread/WARN] [net.minecraft.server.MinecraftServer/]: Can't keep up! Is the server overloaded? Running 3768ms or 75 ticks behind
[30Mar2025 01:50:19.210] [Server thread/INFO] [net.minecraft.world.entity.npc.Villager/]: Villager Villager['Unemployed'/294571, l='ServerLevel[world]', x=462.50, y=70.00, z=446.50] died, message: 'Unemployed was killed'
[30Mar2025 01:50:20.602] [Server thread/WARN] [net.minecraft.server.MinecraftServer/]: Can't keep up! Is the server overloaded? Running 3480ms or 69 ticks behind
[30Mar2025 01:50:37.965] [Server thread/WARN] [net.minecraft.server.MinecraftServer/]: Can't keep up! Is the server overloaded? Running 2393ms or 47 ticks behind
[30Mar2025 01:50:55.290] [Server thread/WARN] [net.minecraft.server.MinecraftServer/]: Can't keep up! Is the server overloaded? Running 2368ms or 47 ticks behind
[30Mar2025 01:52:38.023] [Server thread/WARN] [net.minecraft.server.MinecraftServer/]: Can't keep up! Is the server overloaded? Running 2001ms or 40 ticks behind
[30Mar2025 01:52:54.608] [Server thread/INFO] [net.minecraft.server.MinecraftServer/]: [fablex39: Set own game mode to Creative Mode]
[30Mar2025 01:52:57.050] [Server thread/WARN] [net.minecraft.server.MinecraftServer/]: Can't keep up! Is the server overloaded? Running 4027ms or 80 ticks behind
[30Mar2025 01:53:17.836] [Server thread/INFO] [net.minecraft.server.MinecraftServer/]: [fablex39: Set own game mode to Survival Mode]
[30Mar2025 01:53:29.271] [Server thread/WARN] [net.minecraft.server.MinecraftServer/]: Can't keep up! Is the server overloaded? Running 2048ms or 40 ticks behind
[30Mar2025 01:54:03.180] [Server thread/WARN] [net.minecraft.server.MinecraftServer/]: Can't keep up! Is the server overloaded? Running 2158ms or 43 ticks behind
[30Mar2025 01:54:14.356] [Server thread/WARN] [net.minecraft.server.network.ServerGamePacketListenerImpl/]: fablex39 moved too quickly! 9.313265394337748,4.601875265329156,1.4564039101405797
[30Mar2025 01:54:14.361] [Server thread/WARN] [net.minecraft.server.network.ServerGamePacketListenerImpl/]: Gabriel moved too quickly! 0.7430069622253086,1.2491870787446828,10.17836958868196
[30Mar2025 01:54:14.362] [Server thread/WARN] [net.minecraft.server.network.ServerGamePacketListenerImpl/]: elchipaxd12 moved too quickly! 0.1846337372328435,-1.35890429962528,-10.209663509022334
[30Mar2025 01:54:28.765] [Server thread/WARN] [net.minecraft.server.network.ServerGamePacketListenerImpl/]: Gabriel moved too quickly! -5.043898047962443,-2.3680968600179995,-8.427020552644137
[30Mar2025 01:54:28.765] [Server thread/WARN] [net.minecraft.server.network.ServerGamePacketListenerImpl/]: elchipaxd12 moved too quickly! -1.4942884734125528,-3.276020525158671,-9.505064801205265
[30Mar2025 01:54:31.547] [Server thread/WARN] [net.minecraft.server.MinecraftServer/]: Can't keep up! Is the server overloaded? Running 13375ms or 267 ticks behind
[30Mar2025 01:54:49.437] [Server thread/WARN] [net.minecraft.server.MinecraftServer/]: Can't keep up! Is the server overloaded? Running 2915ms or 58 ticks behind
[30Mar2025 01:55:03.212] [Server thread/INFO] [net.minecraft.server.MinecraftServer/]: [fablex39: Set own game mode to Creative Mode]
[30Mar2025 01:55:11.294] [Server thread/WARN] [net.minecraft.server.MinecraftServer/]: Can't keep up! Is the server overloaded? Running 6872ms or 137 ticks behind
[30Mar2025 01:55:33.150] [Server thread/WARN] [net.minecraft.server.MinecraftServer/]: Can't keep up! Is the server overloaded? Running 6878ms or 137 ticks behind
[30Mar2025 01:55:41.104] [Worker-Main-3/WARN] [net.minecraft.world.entity.EntityType/]: Skipping Entity with id 
[30Mar2025 01:55:55.098] [Server thread/WARN] [net.minecraft.server.MinecraftServer/]: Can't keep up! Is the server overloaded? Running 6976ms or 139 ticks behind
[30Mar2025 01:56:03.729] [Server thread/INFO] [net.minecraft.server.MinecraftServer/]: fablex39 has completed the challenge [We'll Meet Again]
[30Mar2025 01:56:12.797] [Server thread/WARN] [net.minecraft.server.network.ServerGamePacketListenerImpl/]: fablex39 moved too quickly! 0.0,68.45689454295702,0.0
[30Mar2025 01:56:15.128] [Server thread/WARN] [net.minecraft.server.network.ServerGamePacketListenerImpl/]: fablex39 moved too quickly! 0.0,-12.487512062367074,0.0
[30Mar2025 01:56:26.431] [Server thread/WARN] [net.minecraft.server.MinecraftServer/]: Can't keep up! Is the server overloaded? Running 16359ms or 327 ticks behind
[30Mar2025 01:56:50.860] [Server thread/WARN] [net.minecraft.server.MinecraftServer/]: Can't keep up! Is the server overloaded? Running 9438ms or 188 ticks behind
[30Mar2025 01:57:14.586] [Server thread/WARN] [net.minecraft.server.MinecraftServer/]: Can't keep up! Is the server overloaded? Running 8764ms or 175 ticks behind
[30Mar2025 01:57:21.661] [Server thread/INFO] [net.minecraft.server.MinecraftServer/]: [fablex39: Set own game mode to Survival Mode]
[30Mar2025 01:57:37.913] [Server thread/WARN] [net.minecraft.server.MinecraftServer/]: Can't keep up! Is the server overloaded? Running 8341ms or 166 ticks behind
[30Mar2025 01:58:03.320] [Server thread/WARN] [net.minecraft.server.MinecraftServer/]: Can't keep up! Is the server overloaded? Running 10448ms or 208 ticks behind
[30Mar2025 01:58:32.683] [Server thread/WARN] [net.minecraft.server.MinecraftServer/]: Can't keep up! Is the server overloaded? Running 14411ms or 288 ticks behind
[30Mar2025 01:59:01.968] [Server thread/WARN] [net.minecraft.server.MinecraftServer/]: Can't keep up! Is the server overloaded? Running 14296ms or 285 ticks behind
[30Mar2025 01:59:31.832] [Server thread/WARN] [net.minecraft.server.MinecraftServer/]: Can't keep up! Is the server overloaded? Running 14910ms or 298 ticks behind
[30Mar2025 02:00:01.566] [Server thread/WARN] [net.minecraft.server.MinecraftServer/]: Can't keep up! Is the server overloaded? Running 14744ms or 294 ticks behind
[30Mar2025 02:00:03.120] [Server thread/WARN] [net.minecraft.server.network.ServerGamePacketListenerImpl/]: fablex39 moved too quickly! 9.120146201865737,4.76570327811686,0.397272762554735
[30Mar2025 02:00:23.885] [Server thread/WARN] [net.minecraft.server.network.ServerGamePacketListenerImpl/]: fablex39 moved too quickly! 6.856150042660488,6.819509293196248,3.6038271685974905
[30Mar2025 02:00:35.684] [Server thread/WARN] [net.minecraft.server.MinecraftServer/]: Can't keep up! Is the server overloaded? Running 19162ms or 383 ticks behind
[30Mar2025 02:01:00.577] [Server thread/WARN] [net.minecraft.server.MinecraftServer/]: Can't keep up! Is the server overloaded? Running 9905ms or 198 ticks behind
[30Mar2025 02:01:26.081] [Server thread/WARN] [net.minecraft.server.MinecraftServer/]: Can't keep up! Is the server overloaded? Running 10508ms or 210 ticks behind
[30Mar2025 02:01:54.701] [Server thread/WARN] [net.minecraft.server.MinecraftServer/]: Can't keep up! Is the server overloaded? Running 13629ms or 272 ticks behind
[30Mar2025 02:02:20.872] [Server thread/WARN] [net.minecraft.server.MinecraftServer/]: Can't keep up! Is the server overloaded? Running 11200ms or 224 ticks behind
[30Mar2025 02:02:47.320] [Server thread/WARN] [net.minecraft.server.MinecraftServer/]: Can't keep up! Is the server overloaded? Running 11448ms or 228 ticks behind
[30Mar2025 02:02:51.040] [Server thread/WARN] [tombstone/]: The death event of the player fablex39 was canceled by another mod
[30Mar2025 02:02:51.134] [Server thread/INFO] [tombstone/]: The player fablex39 has successfully been saved
[30Mar2025 02:03:14.207] [Server thread/WARN] [net.minecraft.server.MinecraftServer/]: Can't keep up! Is the server overloaded? Running 11935ms or 238 ticks behind
[30Mar2025 02:03:16.857] [Server thread/WARN] [tombstone/]: The death event of the player fablex39 was canceled by another mod
[30Mar2025 02:03:16.936] [Server thread/INFO] [tombstone/]: The player fablex39 has successfully been saved
[30Mar2025 02:03:40.387] [Server thread/WARN] [net.minecraft.server.MinecraftServer/]: Can't keep up! Is the server overloaded? Running 11215ms or 224 ticks behind
[30Mar2025 02:04:07.422] [Server thread/WARN] [net.minecraft.server.MinecraftServer/]: Can't keep up! Is the server overloaded? Running 12049ms or 240 ticks behind
[30Mar2025 02:04:16.815] [Server thread/WARN] [net.minecraft.server.network.ServerGamePacketListenerImpl/]: Gabriel moved too quickly! -8.177356789369611,-0.45000000000001705,6.816785534170322
[30Mar2025 02:04:33.760] [Server thread/WARN] [net.minecraft.server.MinecraftServer/]: Can't keep up! Is the server overloaded? Running 11388ms or 227 ticks behind
[30Mar2025 02:04:53.462] [Server thread/INFO] [net.minecraft.server.MinecraftServer/]: fablex39 has made the advancement [Quite the Sun Tan]
[30Mar2025 02:04:55.510] [Server thread/WARN] [net.minecraft.server.network.ServerGamePacketListenerImpl/]: Lander (vehicle of fablex39) moved too quickly! 0.5,70.41154067007119,0.5
[30Mar2025 02:04:55.513] [Server thread/WARN] [net.minecraft.server.network.ServerGamePacketListenerImpl/]: Lander (vehicle of fablex39) moved too quickly! 0.5,71.36653995004713,0.5
[30Mar2025 02:04:55.518] [Server thread/WARN] [net.minecraft.server.network.ServerGamePacketListenerImpl/]: Lander (vehicle of fablex39) moved too quickly! 0.5,72.32153923002306,0.5
[30Mar2025 02:04:55.519] [Server thread/WARN] [net.minecraft.server.network.ServerGamePacketListenerImpl/]: Lander (vehicle of fablex39) moved too quickly! 0.5,70.22653923002304,0.5
[30Mar2025 02:04:55.524] [Server thread/WARN] [net.minecraft.server.network.ServerGamePacketListenerImpl/]: Lander (vehicle of fablex39) moved too quickly! 0.5,71.18153850999897,0.5
[30Mar2025 02:04:55.665] [Server thread/WARN] [net.minecraft.server.network.ServerGamePacketListenerImpl/]: Gabriel moved too quickly! -10.02751661901982,-0.4800000000000182,2.1088473164601282
[30Mar2025 02:05:01.686] [Server thread/WARN] [net.minecraft.server.MinecraftServer/]: Can't keep up! Is the server overloaded? Running 12964ms or 259 ticks behind
[30Mar2025 02:05:14.211] [Server thread/WARN] [net.minecraft.server.network.ServerGamePacketListenerImpl/]: Gabriel moved too quickly! -7.634390828239475,-0.4800000000000182,6.922999279264104
[30Mar2025 02:05:14.692] [Server thread/ERROR] [net.minecraft.Util/]: POI data mismatch: already registered at BlockPos{x=-808, y=-51, z=856}
[30Mar2025 02:05:14.692] [Server thread/ERROR] [net.minecraft.Util/]: POI data mismatch: already registered at BlockPos{x=-808, y=-51, z=855}
[30Mar2025 02:05:16.374] [Server thread/WARN] [tombstone/]: The death event of the player fablex39 was canceled by another mod
[30Mar2025 02:05:16.491] [Server thread/INFO] [tombstone/]: The player fablex39 has successfully been saved
[30Mar2025 02:05:18.209] [Server thread/ERROR] [net.minecraft.Util/]: POI data mismatch: already registered at BlockPos{x=-755, y=-39, z=905}
[30Mar2025 02:05:18.209] [Server thread/ERROR] [net.minecraft.Util/]: POI data mismatch: already registered at BlockPos{x=-755, y=-39, z=904}
[30Mar2025 02:05:29.854] [Server thread/WARN] [net.minecraft.server.MinecraftServer/]: Can't keep up! Is the server overloaded? Running 13182ms or 263 ticks behind
[30Mar2025 02:05:33.841] [Server thread/INFO] [net.minecraft.server.MinecraftServer/]: fablex39 was doomed to fall
[30Mar2025 02:05:33.912] [Server thread/INFO] [tombstone/]: The player fablex39 has successfully been saved
[30Mar2025 02:05:49.970] [Server thread/INFO] [net.minecraft.server.MinecraftServer/]: [Not Secure] <Gabriel> ala
[30Mar2025 02:05:51.502] [Server thread/WARN] [net.minecraft.server.MinecraftServer/]: Can't keep up! Is the server overloaded? Running 6680ms or 133 ticks behind
[30Mar2025 02:05:58.012] [Server thread/ERROR] [net.minecraft.Util/]: POI data mismatch: already registered at BlockPos{x=-1057, y=-22, z=1203}
[30Mar2025 02:06:09.246] [Server thread/ERROR] [net.minecraft.Util/]: POI data mismatch: already registered at BlockPos{x=-1263, y=-1, z=1192}
[30Mar2025 02:06:28.179] [Server thread/WARN] [net.minecraft.server.MinecraftServer/]: Can't keep up! Is the server overloaded? Running 2057ms or 41 ticks behind
[30Mar2025 02:06:35.724] [Server thread/INFO] [net.minecraft.server.MinecraftServer/]: [fablex39: Set own game mode to Creative Mode]
[30Mar2025 02:06:46.126] [Server thread/WARN] [net.minecraft.server.MinecraftServer/]: Can't keep up! Is the server overloaded? Running 2954ms or 59 ticks behind
[30Mar2025 02:06:49.624] [Server thread/ERROR] [net.minecraft.Util/]: POI data mismatch: already registered at BlockPos{x=-1209, y=-48, z=1443}
[30Mar2025 02:06:49.624] [Server thread/ERROR] [net.minecraft.Util/]: POI data mismatch: already registered at BlockPos{x=-1209, y=-48, z=1444}
[30Mar2025 02:06:51.375] [Server thread/INFO] [net.minecraft.server.MinecraftServer/]: [fablex39: Set own game mode to Survival Mode]
[30Mar2025 02:07:23.147] [Server thread/INFO] [net.minecraft.server.MinecraftServer/]: elchipaxd12 has made the advancement [Quite the Sun Tan]
[30Mar2025 02:08:19.477] [Server thread/INFO] [net.minecraft.server.MinecraftServer/]: [fablex39: Set own game mode to Creative Mode]
[30Mar2025 02:08:20.029] [Server thread/WARN] [net.minecraft.server.MinecraftServer/]: Can't keep up! Is the server overloaded? Running 2007ms or 40 ticks behind
[30Mar2025 02:08:25.729] [Server thread/INFO] [net.minecraft.server.MinecraftServer/]: [fablex39: Set own game mode to Survival Mode]
[30Mar2025 02:08:28.058] [Server thread/INFO] [net.minecraft.server.MinecraftServer/]: [fablex39: Set own game mode to Creative Mode]
[30Mar2025 02:08:32.594] [Server thread/INFO] [net.minecraft.server.MinecraftServer/]: [fablex39: Set own game mode to Survival Mode]
[30Mar2025 02:08:38.127] [Server thread/WARN] [net.minecraft.server.MinecraftServer/]: Can't keep up! Is the server overloaded? Running 3105ms or 62 ticks behind
[30Mar2025 02:08:57.915] [Server thread/WARN] [net.minecraft.server.MinecraftServer/]: Can't keep up! Is the server overloaded? Running 4792ms or 95 ticks behind
[30Mar2025 02:09:17.678] [Server thread/WARN] [net.minecraft.server.MinecraftServer/]: Can't keep up! Is the server overloaded? Running 4806ms or 96 ticks behind
[30Mar2025 02:09:37.259] [Server thread/WARN] [net.minecraft.server.MinecraftServer/]: Can't keep up! Is the server overloaded? Running 4587ms or 91 ticks behind
[30Mar2025 02:09:56.985] [Server thread/WARN] [net.minecraft.server.MinecraftServer/]: Can't keep up! Is the server overloaded? Running 4763ms or 95 ticks behind
[30Mar2025 02:09:58.121] [Server thread/INFO] [net.minecraft.server.MinecraftServer/]: fablex39 has made the advancement [Venusian]
[30Mar2025 02:09:59.369] [Server thread/WARN] [net.minecraft.server.network.ServerGamePacketListenerImpl/]: Lander (vehicle of fablex39) moved too quickly! 0.5,140.64929291289036,0.5
[30Mar2025 02:09:59.370] [Server thread/WARN] [net.minecraft.server.network.ServerGamePacketListenerImpl/]: Lander (vehicle of fablex39) moved too quickly! 0.5,137.39105383556068,0.5
[30Mar2025 02:09:59.371] [Server thread/WARN] [net.minecraft.server.network.ServerGamePacketListenerImpl/]: Lander (vehicle of fablex39) moved too quickly! 0.5,138.3771890382069,0.5
[30Mar2025 02:09:59.373] [Server thread/WARN] [net.minecraft.server.network.ServerGamePacketListenerImpl/]: Lander (vehicle of fablex39) moved too quickly! 0.5,139.3633242408531,0.5
[30Mar2025 02:10:16.793] [Server thread/WARN] [net.minecraft.server.MinecraftServer/]: Can't keep up! Is the server overloaded? Running 4821ms or 96 ticks behind
[30Mar2025 02:10:17.617] [Server thread/INFO] [betterdeserttemples/]: CLEARED TEMPLE AT BlockPos{x=-336, y=0, z=-6160}
[30Mar2025 02:10:35.954] [Server thread/WARN] [net.minecraft.server.MinecraftServer/]: Can't keep up! Is the server overloaded? Running 4182ms or 83 ticks behind
[30Mar2025 02:10:50.444] [Server thread/INFO] [net.minecraft.server.MinecraftServer/]: elchipaxd12 has made the advancement [Venusian]
[30Mar2025 02:10:57.589] [Server thread/WARN] [net.minecraft.server.MinecraftServer/]: Can't keep up! Is the server overloaded? Running 2016ms or 40 ticks behind
[30Mar2025 02:11:27.431] [Server thread/WARN] [net.minecraft.server.MinecraftServer/]: Can't keep up! Is the server overloaded? Running 2009ms or 40 ticks behind
[30Mar2025 02:11:44.995] [Server thread/WARN] [net.minecraft.server.MinecraftServer/]: Can't keep up! Is the server overloaded? Running 2572ms or 51 ticks behind
[30Mar2025 02:11:53.510] [Server thread/INFO] [net.minecraft.server.MinecraftServer/]: [Not Secure] <LTCBAS2022> santi me puedes pasar la coordenadas de las cueva toxicas?
[30Mar2025 02:12:05.434] [Server thread/WARN] [net.minecraft.server.MinecraftServer/]: Can't keep up! Is the server overloaded? Running 5462ms or 109 ticks behind
[30Mar2025 02:12:20.379] [Server thread/INFO] [net.minecraft.server.MinecraftServer/]: [Not Secure] <Andremat2010> santi donde stas?
[30Mar2025 02:12:25.040] [Server thread/WARN] [net.minecraft.server.MinecraftServer/]: Can't keep up! Is the server overloaded? Running 4618ms or 92 ticks behind
[30Mar2025 02:12:43.671] [Server thread/WARN] [net.minecraft.server.MinecraftServer/]: Can't keep up! Is the server overloaded? Running 3649ms or 72 ticks behind
[30Mar2025 02:12:54.706] [Server thread/INFO] [net.minecraft.world.entity.npc.Villager/]: Villager Villager['Unemployed'/315501, l='ServerLevel[world]', x=471.48, y=-256.00, z=428.92] died, message: 'Unemployed was killed'
[30Mar2025 02:13:01.958] [Server thread/WARN] [net.minecraft.server.MinecraftServer/]: Can't keep up! Is the server overloaded? Running 3336ms or 66 ticks behind
[30Mar2025 02:13:19.773] [Server thread/WARN] [net.minecraft.server.MinecraftServer/]: Can't keep up! Is the server overloaded? Running 2850ms or 57 ticks behind
[30Mar2025 02:13:38.491] [Server thread/WARN] [tombstone/]: The death event of the player elchipaxd12 was canceled by another mod
[30Mar2025 02:13:38.550] [Server thread/INFO] [tombstone/]: The player elchipaxd12 has successfully been saved
[30Mar2025 02:13:38.611] [Server thread/WARN] [net.minecraft.server.MinecraftServer/]: Can't keep up! Is the server overloaded? Running 3839ms or 76 ticks behind
[30Mar2025 02:13:57.373] [Server thread/WARN] [net.minecraft.server.MinecraftServer/]: Can't keep up! Is the server overloaded? Running 3801ms or 76 ticks behind
[30Mar2025 02:14:04.501] [Server thread/INFO] [net.minecraft.server.MinecraftServer/]: [Not Secure] <fablex39> santi
[30Mar2025 02:14:16.070] [Server thread/WARN] [net.minecraft.server.MinecraftServer/]: Can't keep up! Is the server overloaded? Running 3698ms or 73 ticks behind
[30Mar2025 02:14:34.081] [Server thread/WARN] [net.minecraft.server.MinecraftServer/]: Can't keep up! Is the server overloaded? Running 3059ms or 61 ticks behind
[30Mar2025 02:14:52.980] [Server thread/WARN] [net.minecraft.server.MinecraftServer/]: Can't keep up! Is the server overloaded? Running 3908ms or 78 ticks behind
[30Mar2025 02:15:14.851] [Server thread/WARN] [net.minecraft.server.MinecraftServer/]: Can't keep up! Is the server overloaded? Running 6879ms or 137 ticks behind
[30Mar2025 02:15:34.656] [Server thread/WARN] [net.minecraft.server.MinecraftServer/]: Can't keep up! Is the server overloaded? Running 4834ms or 96 ticks behind
[30Mar2025 02:15:51.784] [Server thread/WARN] [net.minecraft.server.MinecraftServer/]: Can't keep up! Is the server overloaded? Running 2012ms or 40 ticks behind
[30Mar2025 02:16:09.603] [Server thread/WARN] [net.minecraft.server.MinecraftServer/]: Can't keep up! Is the server overloaded? Running 2831ms or 56 ticks behind
[30Mar2025 02:16:28.936] [Server thread/WARN] [net.minecraft.server.MinecraftServer/]: Can't keep up! Is the server overloaded? Running 4364ms or 87 ticks behind
[30Mar2025 02:16:47.465] [Server thread/WARN] [net.minecraft.server.MinecraftServer/]: Can't keep up! Is the server overloaded? Running 3543ms or 70 ticks behind
[30Mar2025 02:17:06.321] [Server thread/WARN] [net.minecraft.server.MinecraftServer/]: Can't keep up! Is the server overloaded? Running 3899ms or 77 ticks behind
[30Mar2025 02:17:24.234] [Server thread/WARN] [net.minecraft.server.MinecraftServer/]: Can't keep up! Is the server overloaded? Running 2962ms or 59 ticks behind
[30Mar2025 02:17:44.211] [Server thread/WARN] [net.minecraft.server.MinecraftServer/]: Can't keep up! Is the server overloaded? Running 4989ms or 99 ticks behind
[30Mar2025 02:18:05.870] [Server thread/WARN] [net.minecraft.server.MinecraftServer/]: Can't keep up! Is the server overloaded? Running 6698ms or 133 ticks behind
[30Mar2025 02:18:08.651] [Server thread/INFO] [com.yellowbrossproductions.illageandspillage.IllageAndSpillage/]: Removed entity.illageandspillage.boss_randomizer from Raids to prevent a post-mod-removal crash
[30Mar2025 02:18:08.651] [Server thread/INFO] [com.yellowbrossproductions.illageandspillage.IllageAndSpillage/]: Removed entity.illageandspillage.igniter from Raids to prevent a post-mod-removal crash
[30Mar2025 02:18:08.651] [Server thread/INFO] [com.yellowbrossproductions.illageandspillage.IllageAndSpillage/]: Removed entity.illageandspillage.engineer from Raids to prevent a post-mod-removal crash
[30Mar2025 02:18:08.651] [Server thread/INFO] [com.yellowbrossproductions.illageandspillage.IllageAndSpillage/]: Removed entity.illageandspillage.twittollager from Raids to prevent a post-mod-removal crash
[30Mar2025 02:18:08.651] [Server thread/INFO] [com.yellowbrossproductions.illageandspillage.IllageAndSpillage/]: Removed entity.illageandspillage.magispeller from Raids to prevent a post-mod-removal crash
[30Mar2025 02:18:08.651] [Server thread/INFO] [com.yellowbrossproductions.illageandspillage.IllageAndSpillage/]: Removed entity.illageandspillage.spiritcaller from Raids to prevent a post-mod-removal crash
[30Mar2025 02:18:08.651] [Server thread/INFO] [com.yellowbrossproductions.illageandspillage.IllageAndSpillage/]: Removed entity.illageandspillage.crocofang from Raids to prevent a post-mod-removal crash
[30Mar2025 02:18:08.651] [Server thread/INFO] [com.yellowbrossproductions.illageandspillage.IllageAndSpillage/]: Removed entity.illageandspillage.absorber from Raids to prevent a post-mod-removal crash
[30Mar2025 02:18:08.651] [Server thread/INFO] [com.yellowbrossproductions.illageandspillage.IllageAndSpillage/]: Removed entity.illageandspillage.preserver from Raids to prevent a post-mod-removal crash
[30Mar2025 02:18:08.652] [Server thread/INFO] [com.yellowbrossproductions.illageandspillage.IllageAndSpillage/]: Removed entity.illageandspillage.freakager from Raids to prevent a post-mod-removal crash
[30Mar2025 02:18:08.652] [Server thread/INFO] [com.yellowbrossproductions.illageandspillage.IllageAndSpillage/]: Removed entity.illageandspillage.old_freakager from Raids to prevent a post-mod-removal crash
[30Mar2025 02:18:08.652] [Server thread/INFO] [com.yellowbrossproductions.illageandspillage.IllageAndSpillage/]: Removed entity.illageandspillage.old_magispeller from Raids to prevent a post-mod-removal crash
[30Mar2025 02:18:08.652] [Server thread/INFO] [net.minecraft.server.MinecraftServer/]: Stopping server
[30Mar2025 02:18:08.658] [Server thread/INFO] [net.minecraft.server.MinecraftServer/]: Saving players
[30Mar2025 02:18:08.819] [Server thread/INFO] [net.minecraft.server.network.ServerGamePacketListenerImpl/]: Gabriel lost connection: Server closed
[30Mar2025 02:18:08.819] [Server thread/INFO] [net.minecraft.server.MinecraftServer/]: Gabriel left the game
[30Mar2025 02:18:08.852] [Server thread/INFO] [net.minecraft.server.network.ServerGamePacketListenerImpl/]: elchipaxd12 lost connection: Server closed
[30Mar2025 02:18:08.852] [Server thread/INFO] [net.minecraft.server.MinecraftServer/]: elchipaxd12 left the game
[30Mar2025 02:18:08.883] [Server thread/INFO] [net.minecraft.server.network.ServerGamePacketListenerImpl/]: fablex39 lost connection: Server closed
[30Mar2025 02:18:08.883] [Server thread/INFO] [net.minecraft.server.MinecraftServer/]: fablex39 left the game
[30Mar2025 02:18:08.914] [Server thread/INFO] [net.minecraft.server.MinecraftServer/]: Saving worlds
